10:33:59.521 [main                     ] DEBUG Logger               - Configured Logger
10:33:59.571 [main                     ] DEBUG GameApplication      - Logging settings
Title: PlantVsZombit
Version: 0.0
Width: 1400
Height: 600
Fullscreen: false
Intro: false
Profiling: false
Single step:false
App Mode: DEVELOPER
Menu Key: ESCAPE
Stage Style: DECORATED
Scene Factory: class com.almasb.fxgl.app.scene.SceneFactory

10:33:59.913 [JavaFX Application Thread] DEBUG FXGLApplication      - Initializing FXGL
10:33:59.922 [JavaFX Application Thread] INFO  Engine               - FXGL-17 (31.12.2021 18.16) on WINDOWS (J:17.0.12 FX:17.0.6)
10:33:59.923 [JavaFX Application Thread] DEBUG Engine               - JRE Vendor Name: Oracle Corporation
10:33:59.924 [JavaFX Application Thread] DEBUG Engine               - Running on OS: Windows 10 version 10.0
10:33:59.925 [JavaFX Application Thread] DEBUG Engine               - Architecture: amd64
10:33:59.928 [JavaFX Application Thread] INFO  Engine               - Source code and latest versions at: https://github.com/AlmasB/FXGL
10:33:59.928 [JavaFX Application Thread] INFO  Engine               -       Ask questions and discuss at: https://github.com/AlmasB/FXGL/discussions
10:33:59.929 [JavaFX Application Thread] INFO  Engine               -              Join the FXGL chat at: https://gitter.im/AlmasB/FXGL
10:34:00.054 [JavaFX Application Thread] DEBUG PrimaryStageWindow   - Creating a JavaFX scene
10:34:00.107 [JavaFX Application Thread] DEBUG PrimaryStageWindow   - Target settings size: 1400.0 x 600.0
10:34:00.107 [JavaFX Application Thread] DEBUG PrimaryStageWindow   - Scaled scene size:    1400.0 x 600.0
10:34:00.108 [JavaFX Application Thread] DEBUG PrimaryStageWindow   - Scaled ratio: (1.0, 1.0)
10:34:00.109 [JavaFX Application Thread] DEBUG PrimaryStageWindow   - Set initial scene to FXGLStartupScene
10:34:00.117 [JavaFX Application Thread] DEBUG PrimaryStageWindow   - Opening main window
10:34:00.215 [JavaFX Application Thread] DEBUG PrimaryStageWindow   - Window border size: (14.4000244140625, 37.5999755859375)
10:34:00.216 [JavaFX Application Thread] DEBUG PrimaryStageWindow   - Scaled size: 1400.0 x 600.0
10:34:00.216 [JavaFX Application Thread] DEBUG PrimaryStageWindow   - Scaled ratio: (1.0, 1.0)
10:34:00.216 [JavaFX Application Thread] DEBUG PrimaryStageWindow   - Scene size: 1400.0 x 600.0
10:34:00.217 [JavaFX Application Thread] DEBUG PrimaryStageWindow   - Stage size: 1414.4000244140625 x 637.5999755859375
10:34:00.231 [FXGL Background Thread 1 ] DEBUG Engine               - Initializing environment variables
10:34:00.284 [FXGL Background Thread 1 ] DEBUG FXGLAssetLoaderServi - User app class for loading assets: class com.pvz.Main
10:34:00.284 [FXGL Background Thread 1 ] DEBUG GameApplicationServi - Applying CSS: fxgl_dark.css
10:34:00.285 [FXGL Background Thread 1 ] DEBUG FXGLAssetLoaderServi - Loading from file system: jar:file:///C:/Users/dch/.m2/repository/com/github/almasb/fxgl/17/fxgl-17.jar!/fxglassets/ui/css/fxgl_dark.css
10:34:00.373 [FXGL Background Thread 1 ] DEBUG GameApplicationServi - Initializing application scenes
10:34:00.522 [FXGL Background Thread 1 ] DEBUG GameWorld            - Game world initialized
10:34:00.590 [FXGL Background Thread 1 ] DEBUG PhysicsWorld         - Physics world initialized: appHeight=600, physics.ppm=50.0
10:34:00.590 [FXGL Background Thread 1 ] DEBUG PhysicsWorld         - Using strategy: BRUTE_FORCE
10:34:00.596 [FXGL Background Thread 1 ] DEBUG GameScene            - Game scene initialized: 1400x600
10:34:00.614 [FXGL Background Thread 1 ] DEBUG FXGL.DefaultMenu     - createMenuBodyGameMenu()
10:34:00.634 [FXGL Background Thread 1 ] DEBUG FXGL.DefaultMenu     - createOptionsMenu()
10:34:00.649 [FXGL Background Thread 1 ] DEBUG FXGLAssetLoaderServi - Loading from file system: jar:file:///C:/Users/dch/.m2/repository/com/github/almasb/fxgl/17/fxgl-17.jar!/fxglassets/textures/particles/smoke.png
10:34:00.766 [FXGL Background Thread 1 ] DEBUG FXGLAssetLoaderServi - Loading from file system: jar:file:///C:/Users/dch/.m2/repository/com/github/almasb/fxgl/17/fxgl-17.jar!/fxglassets/textures/particles/trace_horizontal.png
10:34:00.798 [FXGL Background Thread 1 ] DEBUG GameApplicationServi - Application scenes initialized
10:34:00.814 [FXGL Background Thread 1 ] DEBUG SystemBundleService  - Loading FXGL system data
10:34:00.820 [FXGL Background Thread 1 ] DEBUG FileSystemAccess     - Reading from: E:\dev_java\demofxpvz\system\fxgl.bundle
10:34:00.829 [FXGL Background Thread 1 ] DEBUG SystemBundleService  - Bundle FXGL: {}
10:34:00.829 [FXGL Background Thread 1 ] DEBUG UpdaterService       - Checking for updates
10:34:00.835 [FXGL Background Thread 1 ] DEBUG FXGLApplication      - Loading default localization
10:34:00.837 [FXGL Background Thread 1 ] DEBUG FXGLAssetLoaderServi - Loading from file system: jar:file:///C:/Users/dch/.m2/repository/com/github/almasb/fxgl/17/fxgl-17.jar!/fxglassets/languages/english.lang
10:34:00.841 [FXGL Background Thread 4 ] DEBUG FXGLApplication      - Loading fonts
10:34:00.841 [FXGL Background Thread 4 ] DEBUG FXGLAssetLoaderServi - Loading from file system: jar:file:///C:/Users/dch/.m2/repository/com/github/almasb/fxgl/17/fxgl-17.jar!/fxglassets/ui/fonts/VarelaRound-Regular.ttf
10:34:00.894 [FXGL Background Thread 1 ] INFO  FXGLApplication      - FXGL initialization took: 0.662 sec
10:34:00.902 [JavaFX Application Thread] DEBUG Input                - Registered new binding: 鼠标左键选中 - LMB
10:34:00.903 [JavaFX Application Thread] WARN  FXGLAssetLoaderServi - Asset "/assets/textures/plant\wandou\wandou (1).png" was not found!
10:34:00.903 [JavaFX Application Thread] WARN  FXGLAssetLoaderServi - Failed to load IMAGE
10:34:00.931 [JavaFX Application Thread] DEBUG FXGLAssetLoaderServi - Loading from file system: jar:file:///C:/Users/dch/.m2/repository/com/github/almasb/fxgl/17/fxgl-17.jar!/fxglassets/textures/fxgl_default_cursor.png
10:34:00.941 [JavaFX Application Thread] DEBUG Input                - Registered new binding: Screenshot - CTRL+8
10:34:00.942 [JavaFX Application Thread] DEBUG Input                - Registered new binding: System info dump - CTRL+9
10:34:00.942 [JavaFX Application Thread] DEBUG Input                - Registered new binding: Restart - CTRL+R
10:34:00.943 [JavaFX Application Thread] DEBUG Input                - Registered new binding: Toggle Debug Camera - CTRL+7
10:34:00.945 [JavaFX Application Thread] DEBUG LoopRunner           - Starting loop
10:34:00.946 [JavaFX Application Thread] DEBUG LoopRunner           - Initializing JavaFX AnimationTimerLoop
10:34:00.947 [JavaFX Application Thread] DEBUG GameApplicationServi - Starting new game
10:34:00.947 [JavaFX Application Thread] DEBUG Input                - Clearing active input actions
10:34:00.960 [JavaFX Application Thread] DEBUG GameApplicationServi - Removing overlay from FXGLStartupScene and adding to FXGLLoadingScene
10:34:00.961 [JavaFX Application Thread] DEBUG PrimaryStageWindow   - FXGLStartupScene -> FXGLLoadingScene
10:34:00.961 [JavaFX Application Thread] DEBUG GameApplicationServi - Clearing previous game
10:34:00.961 [JavaFX Application Thread] DEBUG GameScene            - Clearing game scene
10:34:00.961 [JavaFX Application Thread] DEBUG GameWorld            - Clearing game world
10:34:00.961 [JavaFX Application Thread] DEBUG PhysicsWorld         - Clearing physics world
10:34:01.002 [FXGL Background Thread 1 ] DEBUG FXGLApplication      - Initializing game
10:34:01.009 [FXGL Background Thread 1 ] WARN  FXGLAssetLoaderServi - Asset "/assets/music/Laura Shigihara - Zombies On Your Lawn.mp3" was not found!
10:34:01.010 [FXGL Background Thread 1 ] WARN  FXGLAssetLoaderServi - Failed to load MUSIC
10:34:01.011 [FXGL Background Thread 1 ] DEBUG AudioPlayer          - Playing music com.almasb.fxgl.audio.Music@6fa129f4
10:34:01.017 [FXGL Background Thread 1 ] WARN  FXGLAssetLoaderServi - Asset "/assets/data/Garden.json" was not found!
10:34:01.018 [FXGL Background Thread 1 ] WARN  FXGLAssetLoaderServi - Failed to load JSON: URL is not valid
10:34:01.030 [JavaFX Application Thread] DEBUG LoopRunner           - Stopping loop
10:34:01.031 [JavaFX Application Thread] FATAL FXGLApplication      - Uncaught Exception:
java.lang.RuntimeException: Initialization failed
	at com.almasb.fxgl.all@17/com.almasb.fxgl.app.FXGLApplication$InitAppTask.failed(FXGLApplication.kt:343)
	at javafx.graphics/javafx.concurrent.Task.setState(Task.java:710)
	at javafx.graphics/javafx.concurrent.Task$TaskCallable.lambda$call$2(Task.java:1456)
	at javafx.graphics/com.sun.javafx.application.PlatformImpl.lambda$runLater$10(PlatformImpl.java:457)
	at java.base/java.security.AccessController.doPrivileged(AccessController.java:399)
	at javafx.graphics/com.sun.javafx.application.PlatformImpl.lambda$runLater$11(PlatformImpl.java:456)
	at javafx.graphics/com.sun.glass.ui.InvokeLaterDispatcher$Future.run(InvokeLaterDispatcher.java:96)
	at javafx.graphics/com.sun.glass.ui.win.WinApplication._runLoop(Native Method)
	at javafx.graphics/com.sun.glass.ui.win.WinApplication.lambda$runLoop$3(WinApplication.java:184)
	at java.base/java.lang.Thread.run(Thread.java:842)
Caused by: java.util.NoSuchElementException: No value present
	at java.base/java.util.Optional.get(Optional.java:143)
	at org.example.demofxpvz/com.pvz.Main.initGame(Main.java:70)
	at com.almasb.fxgl.all@17/com.almasb.fxgl.app.FXGLApplication$InitAppTask.initGame(FXGLApplication.kt:339)
	at com.almasb.fxgl.all@17/com.almasb.fxgl.app.FXGLApplication$InitAppTask.call(FXGLApplication.kt:319)
	at com.almasb.fxgl.all@17/com.almasb.fxgl.app.FXGLApplication$InitAppTask.call(FXGLApplication.kt:311)
	at javafx.graphics/javafx.concurrent.Task$TaskCallable.call(Task.java:1426)
	at java.base/java.util.concurrent.FutureTask.run(FutureTask.java:264)
	at java.base/java.util.concurrent.Executors$RunnableAdapter.call(Executors.java:539)
	at java.base/java.util.concurrent.FutureTask.run(FutureTask.java:264)
	at java.base/java.util.concurrent.ThreadPoolExecutor.runWorker(ThreadPoolExecutor.java:1136)
	at java.base/java.util.concurrent.ThreadPoolExecutor$Worker.run(ThreadPoolExecutor.java:635)
	... 1 more

10:34:01.032 [JavaFX Application Thread] FATAL FXGLApplication      - Application will now exit
10:34:01.053 [JavaFX Application Thread] DEBUG PrimaryStageWindow   - Push state: ErrorSubScene
10:34:01.054 [JavaFX Application Thread] DEBUG Input                - Clearing active input actions
10:34:01.073 [JavaFX Application Thread] DEBUG GameApplicationServi - Removing overlay from FXGLLoadingScene and adding to ErrorSubScene
10:34:01.074 [JavaFX Application Thread] DEBUG PrimaryStageWindow   - FXGLLoadingScene -> ErrorSubScene
10:34:01.367 [FXGL Background Thread 4 ] DEBUG FXGLAssetLoaderServi - Loading from file system: jar:file:///C:/Users/dch/.m2/repository/com/github/almasb/fxgl/17/fxgl-17.jar!/fxglassets/ui/fonts/Abel-Regular.ttf
10:34:01.370 [FXGL Background Thread 4 ] DEBUG FXGLAssetLoaderServi - Loading from file system: jar:file:///C:/Users/dch/.m2/repository/com/github/almasb/fxgl/17/fxgl-17.jar!/fxglassets/ui/fonts/TerminalLandMono-Regular.otf
10:34:01.375 [FXGL Background Thread 4 ] DEBUG FXGLAssetLoaderServi - Loading from file system: jar:file:///C:/Users/dch/.m2/repository/com/github/almasb/fxgl/17/fxgl-17.jar!/fxglassets/ui/fonts/Courier-Prime.ttf
10:34:01.412 [JavaFX Application Thread] DEBUG FXGLApplication      - Registering font factories with UI factory
10:34:01.446 [FXGL Background Thread 2 ] WARN  UpdaterService       - Failed to find updates: java.net.UnknownHostException: raw.githubusercontent.com
10:34:03.835 [FXGL Background Thread 3 ] DEBUG Engine               - Logging environment variables
10:34:03.835 [FXGL Background Thread 3 ] DEBUG Engine               - achievements: []
10:34:03.836 [FXGL Background Thread 3 ] DEBUG Engine               - actualHeight: 600.0
10:34:03.836 [FXGL Background Thread 3 ] DEBUG Engine               - actualHeightProperty: ReadOnlyDoubleProperty [value: 600.0]
10:34:03.836 [FXGL Background Thread 3 ] DEBUG Engine               - actualWidth: 1400.0
10:34:03.836 [FXGL Background Thread 3 ] DEBUG Engine               - actualWidthProperty: ReadOnlyDoubleProperty [value: 1400.0]
10:34:03.836 [FXGL Background Thread 3 ] DEBUG Engine               - appIcon: plant\wandou\wandou (1).png
10:34:03.836 [FXGL Background Thread 3 ] DEBUG Engine               - applicationMode: DEVELOPER
10:34:03.836 [FXGL Background Thread 3 ] DEBUG Engine               - cSSList: [fxgl_dark.css]
10:34:03.836 [FXGL Background Thread 3 ] DEBUG Engine               - collisionDetectionStrategy: BRUTE_FORCE
10:34:03.836 [FXGL Background Thread 3 ] DEBUG Engine               - configClass: Optional.empty
10:34:03.836 [FXGL Background Thread 3 ] DEBUG Engine               - credits: []
10:34:03.837 [FXGL Background Thread 3 ] DEBUG Engine               - defaultCursor: CursorInfo(imageName=fxgl_default_cursor.png, hotspotX=7.0, hotspotY=6.0)
10:34:03.837 [FXGL Background Thread 3 ] DEBUG Engine               - devBBoxColorProperty: ObjectProperty [value: 0xff0000ff]
10:34:03.838 [FXGL Background Thread 3 ] DEBUG Engine               - devEnableDebugCameraProperty: BooleanProperty [value: false]
10:34:03.838 [FXGL Background Thread 3 ] DEBUG Engine               - devSensorColorProperty: ObjectProperty [value: 0xffff00ff]
10:34:03.838 [FXGL Background Thread 3 ] DEBUG Engine               - devShowBBoxProperty: BooleanProperty [value: false]
10:34:03.838 [FXGL Background Thread 3 ] DEBUG Engine               - devShowPositionProperty: BooleanProperty [value: false]
10:34:03.839 [FXGL Background Thread 3 ] DEBUG Engine               - enabledMenuItems: []
10:34:03.840 [FXGL Background Thread 3 ] DEBUG Engine               - engineServices: [class com.almasb.fxgl.app.services.FXGLAssetLoaderService, class com.almasb.fxgl.app.FXGLApplication$GameApplicationService, class com.almasb.fxgl.app.services.FXGLDialogService, class com.almasb.fxgl.app.services.IOTaskExecutorService, class com.almasb.fxgl.io.FileSystemService, class com.almasb.fxgl.localization.LocalizationService, class com.almasb.fxgl.app.services.SystemBundleService, class com.almasb.fxgl.profile.SaveLoadService, class com.almasb.fxgl.ui.FXGLUIFactoryServiceProvider, class com.almasb.fxgl.ui.FXGLDialogFactoryServiceProvider, class com.almasb.fxgl.audio.AudioPlayer, class com.almasb.fxgl.notification.impl.NotificationServiceProvider, class com.almasb.fxgl.achievement.AchievementService, class com.almasb.fxgl.cutscene.CutsceneService, class com.almasb.fxgl.minigames.MiniGameService, class com.almasb.fxgl.net.NetService, class com.almasb.fxgl.app.services.UpdaterService, class com.almasb.fxgl.dev.DevService]
10:34:03.840 [FXGL Background Thread 3 ] DEBUG Engine               - fontGame: Abel-Regular.ttf
10:34:03.840 [FXGL Background Thread 3 ] DEBUG Engine               - fontMono: TerminalLandMono-Regular.otf
10:34:03.840 [FXGL Background Thread 3 ] DEBUG Engine               - fontText: Courier-Prime.ttf
10:34:03.840 [FXGL Background Thread 3 ] DEBUG Engine               - fontUI: VarelaRound-Regular.ttf
10:34:03.840 [FXGL Background Thread 3 ] DEBUG Engine               - fullScreen: BooleanProperty [value: false]
10:34:03.842 [FXGL Background Thread 3 ] DEBUG Engine               - gameDifficulty: MEDIUM
10:34:03.842 [FXGL Background Thread 3 ] DEBUG Engine               - gameDifficultyProperty: ObjectProperty [value: MEDIUM]
10:34:03.843 [FXGL Background Thread 3 ] DEBUG Engine               - globalMusicVolume: 0.5
10:34:03.843 [FXGL Background Thread 3 ] DEBUG Engine               - globalMusicVolumeProperty: DoubleProperty [value: 0.5]
10:34:03.843 [FXGL Background Thread 3 ] DEBUG Engine               - globalSoundVolume: 0.5
10:34:03.843 [FXGL Background Thread 3 ] DEBUG Engine               - globalSoundVolumeProperty: DoubleProperty [value: 0.5]
10:34:03.843 [FXGL Background Thread 3 ] DEBUG Engine               - height: 600
10:34:03.843 [FXGL Background Thread 3 ] DEBUG Engine               - is3D: false
10:34:03.843 [FXGL Background Thread 3 ] DEBUG Engine               - isAndroid: false
10:34:03.843 [FXGL Background Thread 3 ] DEBUG Engine               - isBrowser: false
10:34:03.843 [FXGL Background Thread 3 ] DEBUG Engine               - isClickFeedbackEnabled: false
10:34:03.844 [FXGL Background Thread 3 ] DEBUG Engine               - isCloseConfirmation: false
10:34:03.844 [FXGL Background Thread 3 ] DEBUG Engine               - isDesktop: true
10:34:03.844 [FXGL Background Thread 3 ] DEBUG Engine               - isDeveloperMenuEnabled: false
10:34:03.844 [FXGL Background Thread 3 ] DEBUG Engine               - isEmbedded: false
10:34:03.844 [FXGL Background Thread 3 ] DEBUG Engine               - isEntityPreloadEnabled: true
10:34:03.844 [FXGL Background Thread 3 ] DEBUG Engine               - isExperimentalTiledLargeMap: false
10:34:03.844 [FXGL Background Thread 3 ] DEBUG Engine               - isFileSystemWriteAllowed: true
10:34:03.844 [FXGL Background Thread 3 ] DEBUG Engine               - isFullScreenAllowed: false
10:34:03.844 [FXGL Background Thread 3 ] DEBUG Engine               - isFullScreenFromStart: false
10:34:03.844 [FXGL Background Thread 3 ] DEBUG Engine               - isGameMenuEnabled: true
10:34:03.844 [FXGL Background Thread 3 ] DEBUG Engine               - isIOS: false
10:34:03.844 [FXGL Background Thread 3 ] DEBUG Engine               - isIntroEnabled: false
10:34:03.844 [FXGL Background Thread 3 ] DEBUG Engine               - isLinux: false
10:34:03.844 [FXGL Background Thread 3 ] DEBUG Engine               - isMac: false
10:34:03.844 [FXGL Background Thread 3 ] DEBUG Engine               - isMainMenuEnabled: false
10:34:03.845 [FXGL Background Thread 3 ] DEBUG Engine               - isManualResizeEnabled: false
10:34:03.845 [FXGL Background Thread 3 ] DEBUG Engine               - isMobile: false
10:34:03.845 [FXGL Background Thread 3 ] DEBUG Engine               - isNative: false
10:34:03.845 [FXGL Background Thread 3 ] DEBUG Engine               - isPauseMusicWhenMinimized: true
10:34:03.845 [FXGL Background Thread 3 ] DEBUG Engine               - isPreserveResizeRatio: false
10:34:03.845 [FXGL Background Thread 3 ] DEBUG Engine               - isProfilingEnabled: false
10:34:03.845 [FXGL Background Thread 3 ] DEBUG Engine               - isScaleAffectedOnResize: true
10:34:03.845 [FXGL Background Thread 3 ] DEBUG Engine               - isSingleStep: false
10:34:03.845 [FXGL Background Thread 3 ] DEBUG Engine               - isUserProfileEnabled: false
10:34:03.845 [FXGL Background Thread 3 ] DEBUG Engine               - isWindows: true
10:34:03.845 [FXGL Background Thread 3 ] DEBUG Engine               - language: ObjectProperty [value: ENGLISH]
10:34:03.845 [FXGL Background Thread 3 ] DEBUG Engine               - menuKey: ESCAPE
10:34:03.845 [FXGL Background Thread 3 ] DEBUG Engine               - mouseSensitivity: 0.2
10:34:03.846 [FXGL Background Thread 3 ] DEBUG Engine               - notificationViewClass: class com.almasb.fxgl.notification.view.XboxNotificationView
10:34:03.846 [FXGL Background Thread 3 ] DEBUG Engine               - pixelsPerMeter: 50.0
10:34:03.846 [FXGL Background Thread 3 ] DEBUG Engine               - platform: WINDOWS
10:34:03.846 [FXGL Background Thread 3 ] DEBUG Engine               - prefHeightProperty: ReadOnlyDoubleProperty [value: 600.0]
10:34:03.846 [FXGL Background Thread 3 ] DEBUG Engine               - prefWidthProperty: ReadOnlyDoubleProperty [value: 1400.0]
10:34:03.846 [FXGL Background Thread 3 ] DEBUG Engine               - profileDir: profiles/
10:34:03.846 [FXGL Background Thread 3 ] DEBUG Engine               - profileName: StringProperty [value: DEFAULT]
10:34:03.846 [FXGL Background Thread 3 ] DEBUG Engine               - randomSeed: -1
10:34:03.847 [FXGL Background Thread 3 ] DEBUG Engine               - runtimeInfo: RuntimeInfo(platform=WINDOWS, version=17, build=31.12.2021 18.16)
10:34:03.847 [FXGL Background Thread 3 ] DEBUG Engine               - saveFileExt: sav
10:34:03.847 [FXGL Background Thread 3 ] DEBUG Engine               - scaledHeightProp$fxgl: DoubleProperty [bound, value: 600.0]
10:34:03.847 [FXGL Background Thread 3 ] DEBUG Engine               - scaledWidthProp$fxgl: DoubleProperty [bound, value: 1400.0]
10:34:03.847 [FXGL Background Thread 3 ] DEBUG Engine               - sceneFactory: com.almasb.fxgl.app.scene.SceneFactory@7c112ca
10:34:03.847 [FXGL Background Thread 3 ] DEBUG Engine               - secondsIn24h: 60
10:34:03.847 [FXGL Background Thread 3 ] DEBUG Engine               - soundMenuBack: menu/back.wav
10:34:03.847 [FXGL Background Thread 3 ] DEBUG Engine               - soundMenuPress: menu/press.wav
10:34:03.847 [FXGL Background Thread 3 ] DEBUG Engine               - soundMenuSelect: menu/select.wav
10:34:03.848 [FXGL Background Thread 3 ] DEBUG Engine               - soundNotification: core/notification.wav
10:34:03.848 [FXGL Background Thread 3 ] DEBUG Engine               - stageStyle: DECORATED
10:34:03.848 [FXGL Background Thread 3 ] DEBUG Engine               - supportedLanguages: [ENGLISH, FRENCH, GERMAN, HUNGARIAN, RUSSIAN]
10:34:03.848 [FXGL Background Thread 3 ] DEBUG Engine               - ticksPerSecond: -1
10:34:03.848 [FXGL Background Thread 3 ] DEBUG Engine               - title: PlantVsZombit
10:34:03.848 [FXGL Background Thread 3 ] DEBUG Engine               - urlGithub: https://github.com/AlmasB/FXGL
10:34:03.848 [FXGL Background Thread 3 ] DEBUG Engine               - urlLeaderboard: http://fxgl-top.herokuapp.com/
10:34:03.848 [FXGL Background Thread 3 ] DEBUG Engine               - urlPOM: https://raw.githubusercontent.com/AlmasB/FXGL/release/README.md
10:34:03.848 [FXGL Background Thread 3 ] DEBUG Engine               - userAppClass: class com.pvz.Main
10:34:03.848 [FXGL Background Thread 3 ] DEBUG Engine               - version: 0.0
10:34:03.848 [FXGL Background Thread 3 ] DEBUG Engine               - versionCheckDays: 7
10:34:03.848 [FXGL Background Thread 3 ] DEBUG Engine               - width: 1400
10:34:03.848 [FXGL Background Thread 3 ] DEBUG Engine               - Logging services
10:34:03.848 [FXGL Background Thread 3 ] DEBUG Engine               - class com.almasb.fxgl.app.services.FXGLAssetLoaderService
10:34:03.849 [FXGL Background Thread 3 ] DEBUG Engine               - class com.almasb.fxgl.app.FXGLApplication$GameApplicationService
10:34:03.849 [FXGL Background Thread 3 ] DEBUG Engine               - class com.almasb.fxgl.app.services.FXGLDialogService
10:34:03.849 [FXGL Background Thread 3 ] DEBUG Engine               - class com.almasb.fxgl.app.services.IOTaskExecutorService
10:34:03.849 [FXGL Background Thread 3 ] DEBUG Engine               - class com.almasb.fxgl.io.FileSystemService
10:34:03.849 [FXGL Background Thread 3 ] DEBUG Engine               - class com.almasb.fxgl.localization.LocalizationService
10:34:03.849 [FXGL Background Thread 3 ] DEBUG Engine               - class com.almasb.fxgl.app.services.SystemBundleService
10:34:03.849 [FXGL Background Thread 3 ] DEBUG Engine               - class com.almasb.fxgl.profile.SaveLoadService
10:34:03.849 [FXGL Background Thread 3 ] DEBUG Engine               - class com.almasb.fxgl.ui.FXGLUIFactoryServiceProvider
10:34:03.849 [FXGL Background Thread 3 ] DEBUG Engine               - class com.almasb.fxgl.ui.FXGLDialogFactoryServiceProvider
10:34:03.849 [FXGL Background Thread 3 ] DEBUG Engine               - class com.almasb.fxgl.audio.AudioPlayer
10:34:03.849 [FXGL Background Thread 3 ] DEBUG Engine               - class com.almasb.fxgl.notification.impl.NotificationServiceProvider
10:34:03.849 [FXGL Background Thread 3 ] DEBUG Engine               - class com.almasb.fxgl.achievement.AchievementService
10:34:03.849 [FXGL Background Thread 3 ] DEBUG Engine               - class com.almasb.fxgl.cutscene.CutsceneService
10:34:03.849 [FXGL Background Thread 3 ] DEBUG Engine               - class com.almasb.fxgl.minigames.MiniGameService
10:34:03.849 [FXGL Background Thread 3 ] DEBUG Engine               - class com.almasb.fxgl.net.NetService
10:34:03.849 [FXGL Background Thread 3 ] DEBUG Engine               - class com.almasb.fxgl.app.services.UpdaterService
10:34:03.850 [FXGL Background Thread 3 ] DEBUG Engine               - class com.almasb.fxgl.dev.DevService
10:34:05.100 [JavaFX Application Thread] DEBUG FXGLApplication      - Exiting FXGL
10:34:05.100 [JavaFX Application Thread] DEBUG Async                - Shutting down background threads
10:34:05.101 [JavaFX Application Thread] DEBUG PrimaryStageWindow   - Closing main window
10:34:05.127 [JavaFX Application Thread] DEBUG Logger               - Closing Logger
