11:22:18.374 [main                     ] DEBUG Logger               - Configured Logger
11:22:18.415 [main                     ] DEBUG GameApplication      - Logging settings
Title: PlantVsZombit
Version: 0.0
Width: 1400
Height: 600
Fullscreen: false
Intro: false
Profiling: false
Single step:false
App Mode: DEVELOPER
Menu Key: ESCAPE
Stage Style: DECORATED
Scene Factory: class com.almasb.fxgl.app.scene.SceneFactory

11:22:18.763 [JavaFX Application Thread] DEBUG FXGLApplication      - Initializing FXGL
11:22:18.770 [JavaFX Application Thread] INFO  Engine               - FXGL-17 (31.12.2021 18.16) on WINDOWS (J:17.0.12 FX:17.0.6)
11:22:18.770 [JavaFX Application Thread] DEBUG Engine               - JRE Vendor Name: Oracle Corporation
11:22:18.771 [JavaFX Application Thread] DEBUG Engine               - Running on OS: Windows 10 version 10.0
11:22:18.771 [JavaFX Application Thread] DEBUG Engine               - Architecture: amd64
11:22:18.771 [JavaFX Application Thread] INFO  Engine               - Source code and latest versions at: https://github.com/AlmasB/FXGL
11:22:18.772 [JavaFX Application Thread] INFO  Engine               -       Ask questions and discuss at: https://github.com/AlmasB/FXGL/discussions
11:22:18.772 [JavaFX Application Thread] INFO  Engine               -              Join the FXGL chat at: https://gitter.im/AlmasB/FXGL
11:22:18.893 [JavaFX Application Thread] DEBUG PrimaryStageWindow   - Creating a JavaFX scene
11:22:18.943 [JavaFX Application Thread] DEBUG PrimaryStageWindow   - Target settings size: 1400.0 x 600.0
11:22:18.943 [JavaFX Application Thread] DEBUG PrimaryStageWindow   - Scaled scene size:    1400.0 x 600.0
11:22:18.943 [JavaFX Application Thread] DEBUG PrimaryStageWindow   - Scaled ratio: (1.0, 1.0)
11:22:18.945 [JavaFX Application Thread] DEBUG PrimaryStageWindow   - Set initial scene to FXGLStartupScene
11:22:18.955 [JavaFX Application Thread] DEBUG PrimaryStageWindow   - Opening main window
11:22:19.060 [JavaFX Application Thread] DEBUG PrimaryStageWindow   - Window border size: (14.4000244140625, 37.5999755859375)
11:22:19.061 [JavaFX Application Thread] DEBUG PrimaryStageWindow   - Scaled size: 1400.0 x 600.0
11:22:19.061 [JavaFX Application Thread] DEBUG PrimaryStageWindow   - Scaled ratio: (1.0, 1.0)
11:22:19.061 [JavaFX Application Thread] DEBUG PrimaryStageWindow   - Scene size: 1400.0 x 600.0
11:22:19.062 [JavaFX Application Thread] DEBUG PrimaryStageWindow   - Stage size: 1414.4000244140625 x 637.5999755859375
11:22:19.079 [FXGL Background Thread 1 ] DEBUG Engine               - Initializing environment variables
11:22:19.133 [FXGL Background Thread 1 ] DEBUG FXGLAssetLoaderServi - User app class for loading assets: class com.pvz.Main
11:22:19.133 [FXGL Background Thread 1 ] DEBUG GameApplicationServi - Applying CSS: fxgl_dark.css
11:22:19.135 [FXGL Background Thread 1 ] DEBUG FXGLAssetLoaderServi - Loading from file system: jar:file:///C:/Users/dch/.m2/repository/com/github/almasb/fxgl/17/fxgl-17.jar!/fxglassets/ui/css/fxgl_dark.css
11:22:19.228 [FXGL Background Thread 1 ] DEBUG GameApplicationServi - Initializing application scenes
11:22:19.364 [FXGL Background Thread 1 ] DEBUG GameWorld            - Game world initialized
11:22:19.432 [FXGL Background Thread 1 ] DEBUG PhysicsWorld         - Physics world initialized: appHeight=600, physics.ppm=50.0
11:22:19.432 [FXGL Background Thread 1 ] DEBUG PhysicsWorld         - Using strategy: BRUTE_FORCE
11:22:19.438 [FXGL Background Thread 1 ] DEBUG GameScene            - Game scene initialized: 1400x600
11:22:19.455 [FXGL Background Thread 1 ] DEBUG FXGL.DefaultMenu     - createMenuBodyGameMenu()
11:22:19.474 [FXGL Background Thread 1 ] DEBUG FXGL.DefaultMenu     - createOptionsMenu()
11:22:19.489 [FXGL Background Thread 1 ] DEBUG FXGLAssetLoaderServi - Loading from file system: jar:file:///C:/Users/dch/.m2/repository/com/github/almasb/fxgl/17/fxgl-17.jar!/fxglassets/textures/particles/smoke.png
11:22:19.613 [FXGL Background Thread 1 ] DEBUG FXGLAssetLoaderServi - Loading from file system: jar:file:///C:/Users/dch/.m2/repository/com/github/almasb/fxgl/17/fxgl-17.jar!/fxglassets/textures/particles/trace_horizontal.png
11:22:19.644 [FXGL Background Thread 1 ] DEBUG GameApplicationServi - Application scenes initialized
11:22:19.659 [FXGL Background Thread 1 ] DEBUG SystemBundleService  - Loading FXGL system data
11:22:19.665 [FXGL Background Thread 1 ] DEBUG FileSystemAccess     - Reading from: E:\dev_java\demofxpvz\system\fxgl.bundle
11:22:19.675 [FXGL Background Thread 1 ] DEBUG SystemBundleService  - Bundle FXGL: {}
11:22:19.675 [FXGL Background Thread 1 ] DEBUG UpdaterService       - Checking for updates
11:22:19.682 [FXGL Background Thread 1 ] DEBUG FXGLApplication      - Loading default localization
11:22:19.683 [FXGL Background Thread 1 ] DEBUG FXGLAssetLoaderServi - Loading from file system: jar:file:///C:/Users/dch/.m2/repository/com/github/almasb/fxgl/17/fxgl-17.jar!/fxglassets/languages/english.lang
11:22:19.700 [FXGL Background Thread 1 ] INFO  FXGLApplication      - FXGL initialization took: 0.622 sec
11:22:19.705 [JavaFX Application Thread] DEBUG Input                - Registered new binding: 鼠标左键选中 - LMB
11:22:19.705 [JavaFX Application Thread] DEBUG FXGLAssetLoaderServi - Loading from file system: file:/E:/dev_java/demofxpvz/target/classes/assets/textures/plant/wandou/wandou%20(1).png
11:22:19.713 [JavaFX Application Thread] DEBUG FXGLAssetLoaderServi - Loading from file system: jar:file:///C:/Users/dch/.m2/repository/com/github/almasb/fxgl/17/fxgl-17.jar!/fxglassets/textures/fxgl_default_cursor.png
11:22:19.724 [JavaFX Application Thread] DEBUG Input                - Registered new binding: Screenshot - CTRL+8
11:22:19.724 [JavaFX Application Thread] DEBUG Input                - Registered new binding: System info dump - CTRL+9
11:22:19.725 [JavaFX Application Thread] DEBUG Input                - Registered new binding: Restart - CTRL+R
11:22:19.725 [JavaFX Application Thread] DEBUG Input                - Registered new binding: Toggle Debug Camera - CTRL+7
11:22:19.728 [JavaFX Application Thread] DEBUG LoopRunner           - Starting loop
11:22:19.728 [JavaFX Application Thread] DEBUG LoopRunner           - Initializing JavaFX AnimationTimerLoop
11:22:19.729 [JavaFX Application Thread] DEBUG GameApplicationServi - Starting new game
11:22:19.730 [JavaFX Application Thread] DEBUG Input                - Clearing active input actions
11:22:19.743 [JavaFX Application Thread] DEBUG GameApplicationServi - Removing overlay from FXGLStartupScene and adding to FXGLLoadingScene
11:22:19.744 [JavaFX Application Thread] DEBUG PrimaryStageWindow   - FXGLStartupScene -> FXGLLoadingScene
11:22:19.744 [JavaFX Application Thread] DEBUG GameApplicationServi - Clearing previous game
11:22:19.744 [JavaFX Application Thread] DEBUG GameScene            - Clearing game scene
11:22:19.744 [JavaFX Application Thread] DEBUG GameWorld            - Clearing game world
11:22:19.744 [JavaFX Application Thread] DEBUG PhysicsWorld         - Clearing physics world
11:22:19.780 [FXGL Background Thread 4 ] DEBUG FXGLApplication      - Loading fonts
11:22:19.780 [FXGL Background Thread 4 ] DEBUG FXGLAssetLoaderServi - Loading from file system: jar:file:///C:/Users/dch/.m2/repository/com/github/almasb/fxgl/17/fxgl-17.jar!/fxglassets/ui/fonts/VarelaRound-Regular.ttf
11:22:19.800 [FXGL Background Thread 1 ] DEBUG FXGLApplication      - Initializing game
11:22:19.808 [FXGL Background Thread 1 ] DEBUG FXGLAssetLoaderServi - Loading from file system: file:/E:/dev_java/demofxpvz/target/classes/assets/music/Laura%20Shigihara%20-%20Zombies%20On%20Your%20Lawn.mp3
11:22:20.111 [FXGL Background Thread 4 ] DEBUG FXGLAssetLoaderServi - Loading from file system: jar:file:///C:/Users/dch/.m2/repository/com/github/almasb/fxgl/17/fxgl-17.jar!/fxglassets/ui/fonts/Abel-Regular.ttf
11:22:20.117 [FXGL Background Thread 4 ] DEBUG FXGLAssetLoaderServi - Loading from file system: jar:file:///C:/Users/dch/.m2/repository/com/github/almasb/fxgl/17/fxgl-17.jar!/fxglassets/ui/fonts/TerminalLandMono-Regular.otf
11:22:20.127 [FXGL Background Thread 4 ] DEBUG FXGLAssetLoaderServi - Loading from file system: jar:file:///C:/Users/dch/.m2/repository/com/github/almasb/fxgl/17/fxgl-17.jar!/fxglassets/ui/fonts/Courier-Prime.ttf
11:22:20.139 [JavaFX Application Thread] DEBUG FXGLApplication      - Registering font factories with UI factory
11:22:20.161 [FXGL Background Thread 2 ] WARN  UpdaterService       - Failed to find updates: java.net.UnknownHostException: raw.githubusercontent.com
11:22:20.162 [FXGL Background Thread 1 ] DEBUG AudioPlayer          - Playing music com.almasb.fxgl.audio.Music@1fc2291
11:22:20.168 [FXGL Background Thread 1 ] DEBUG FXGLAssetLoaderServi - Loading JSON from: file:/E:/dev_java/demofxpvz/target/classes/assets/data/Garden.json
11:22:20.457 [FXGL Background Thread 1 ] DEBUG FXGLAssetLoaderServi - Loading from file system: file:/E:/dev_java/demofxpvz/target/classes/assets/textures/bg.png
11:22:20.517 [FXGL Background Thread 1 ] DEBUG FXGLAssetLoaderServi - Loading from file system: file:/E:/dev_java/demofxpvz/target/classes/assets/textures/UI/SeedBank.png
11:22:20.530 [FXGL Background Thread 1 ] DEBUG FXGLAssetLoaderServi - Loading JSON from: file:/E:/dev_java/demofxpvz/target/classes/assets/data/Wandou.json
11:22:20.533 [FXGL Background Thread 1 ] DEBUG FXGLAssetLoaderServi - Loading from file system: file:/E:/dev_java/demofxpvz/target/classes/assets/textures/UI/SeedPacket_Larger.png
11:22:20.537 [FXGL Background Thread 1 ] DEBUG FXGLAssetLoaderServi - Loading from file system: file:/E:/dev_java/demofxpvz/target/classes/assets/textures/plant/wandou/wandou%20(1).png
11:22:20.545 [FXGL Background Thread 1 ] INFO  FXGLApplication      - Game initialization took: 0.746 sec
11:22:20.776 [JavaFX Application Thread] DEBUG Input                - Clearing active input actions
11:22:20.803 [JavaFX Application Thread] DEBUG GameApplicationServi - Removing overlay from FXGLLoadingScene and adding to GameScene
11:22:20.803 [JavaFX Application Thread] DEBUG PrimaryStageWindow   - FXGLLoadingScene -> GameScene
11:22:21.745 [JavaFX Application Thread] DEBUG FXGLAssetLoaderServi - Loading JSON from: file:/E:/dev_java/demofxpvz/target/classes/assets/data/Zombits.json
11:22:21.755 [JavaFX Application Thread] DEBUG FXGLAssetLoaderServi - Loading from file system: file:/E:/dev_java/demofxpvz/target/classes/assets/textures/zombits/baozhi/baozhi%20(1).png
11:22:21.757 [JavaFX Application Thread] DEBUG FXGLAssetLoaderServi - Loading from file system: file:/E:/dev_java/demofxpvz/target/classes/assets/textures/zombits/baozhi/baozhi%20(2).png
11:22:21.759 [JavaFX Application Thread] DEBUG FXGLAssetLoaderServi - Loading from file system: file:/E:/dev_java/demofxpvz/target/classes/assets/textures/zombits/baozhi/baozhi%20(3).png
11:22:21.761 [JavaFX Application Thread] DEBUG FXGLAssetLoaderServi - Loading from file system: file:/E:/dev_java/demofxpvz/target/classes/assets/textures/zombits/baozhi/baozhi%20(4).png
11:22:21.762 [JavaFX Application Thread] DEBUG FXGLAssetLoaderServi - Loading from file system: file:/E:/dev_java/demofxpvz/target/classes/assets/textures/zombits/baozhi/baozhi%20(5).png
11:22:21.764 [JavaFX Application Thread] DEBUG FXGLAssetLoaderServi - Loading from file system: file:/E:/dev_java/demofxpvz/target/classes/assets/textures/zombits/baozhi/baozhi%20(6).png
11:22:21.767 [JavaFX Application Thread] DEBUG FXGLAssetLoaderServi - Loading from file system: file:/E:/dev_java/demofxpvz/target/classes/assets/textures/zombits/baozhi/baozhi%20(7).png
11:22:21.769 [JavaFX Application Thread] DEBUG FXGLAssetLoaderServi - Loading from file system: file:/E:/dev_java/demofxpvz/target/classes/assets/textures/zombits/baozhi/baozhi%20(8).png
11:22:21.771 [JavaFX Application Thread] DEBUG FXGLAssetLoaderServi - Loading from file system: file:/E:/dev_java/demofxpvz/target/classes/assets/textures/zombits/baozhi/baozhi%20(9).png
11:22:21.773 [JavaFX Application Thread] DEBUG FXGLAssetLoaderServi - Loading from file system: file:/E:/dev_java/demofxpvz/target/classes/assets/textures/zombits/baozhi/baozhi%20(10).png
11:22:21.775 [JavaFX Application Thread] DEBUG FXGLAssetLoaderServi - Loading from file system: file:/E:/dev_java/demofxpvz/target/classes/assets/textures/zombits/baozhi/baozhi%20(11).png
11:22:21.777 [JavaFX Application Thread] DEBUG FXGLAssetLoaderServi - Loading from file system: file:/E:/dev_java/demofxpvz/target/classes/assets/textures/zombits/baozhi/baozhi%20(12).png
11:22:21.779 [JavaFX Application Thread] DEBUG FXGLAssetLoaderServi - Loading from file system: file:/E:/dev_java/demofxpvz/target/classes/assets/textures/zombits/baozhi/baozhi%20(13).png
11:22:21.780 [JavaFX Application Thread] DEBUG FXGLAssetLoaderServi - Loading from file system: file:/E:/dev_java/demofxpvz/target/classes/assets/textures/zombits/baozhi/baozhi%20(14).png
11:22:21.782 [JavaFX Application Thread] DEBUG FXGLAssetLoaderServi - Loading from file system: file:/E:/dev_java/demofxpvz/target/classes/assets/textures/zombits/baozhi/baozhi%20(15).png
11:22:21.783 [JavaFX Application Thread] DEBUG FXGLAssetLoaderServi - Loading from file system: file:/E:/dev_java/demofxpvz/target/classes/assets/textures/zombits/baozhi/baozhi%20(16).png
11:22:21.786 [JavaFX Application Thread] DEBUG FXGLAssetLoaderServi - Loading from file system: file:/E:/dev_java/demofxpvz/target/classes/assets/textures/zombits/baozhi/baozhi%20(17).png
11:22:21.788 [JavaFX Application Thread] DEBUG FXGLAssetLoaderServi - Loading from file system: file:/E:/dev_java/demofxpvz/target/classes/assets/textures/zombits/baozhi/baozhi%20(18).png
11:22:21.790 [JavaFX Application Thread] DEBUG FXGLAssetLoaderServi - Loading from file system: file:/E:/dev_java/demofxpvz/target/classes/assets/textures/zombits/baozhi/baozhi%20(19).png
11:22:21.792 [JavaFX Application Thread] DEBUG FXGLAssetLoaderServi - Loading from file system: file:/E:/dev_java/demofxpvz/target/classes/assets/textures/zombits/baozhi/baozhi%20(20).png
11:22:21.793 [JavaFX Application Thread] DEBUG FXGLAssetLoaderServi - Loading from file system: file:/E:/dev_java/demofxpvz/target/classes/assets/textures/zombits/baozhi/baozhi%20(21).png
11:22:21.795 [JavaFX Application Thread] DEBUG FXGLAssetLoaderServi - Loading from file system: file:/E:/dev_java/demofxpvz/target/classes/assets/textures/zombits/baozhi/baozhi%20(22).png
11:22:21.797 [JavaFX Application Thread] DEBUG FXGLAssetLoaderServi - Loading from file system: file:/E:/dev_java/demofxpvz/target/classes/assets/textures/zombits/baozhi/baozhi%20(23).png
11:22:21.799 [JavaFX Application Thread] DEBUG FXGLAssetLoaderServi - Loading from file system: file:/E:/dev_java/demofxpvz/target/classes/assets/textures/zombits/baozhi/baozhi%20(24).png
11:22:21.801 [JavaFX Application Thread] DEBUG FXGLAssetLoaderServi - Loading from file system: file:/E:/dev_java/demofxpvz/target/classes/assets/textures/zombits/baozhi/baozhi%20(25).png
11:22:21.802 [JavaFX Application Thread] DEBUG FXGLAssetLoaderServi - Loading from file system: file:/E:/dev_java/demofxpvz/target/classes/assets/textures/zombits/baozhi/baozhi%20(26).png
11:22:21.804 [JavaFX Application Thread] DEBUG FXGLAssetLoaderServi - Loading from file system: file:/E:/dev_java/demofxpvz/target/classes/assets/textures/zombits/baozhi/baozhi%20(27).png
11:22:21.806 [JavaFX Application Thread] DEBUG FXGLAssetLoaderServi - Loading from file system: file:/E:/dev_java/demofxpvz/target/classes/assets/textures/zombits/baozhi/baozhi%20(28).png
11:22:21.807 [JavaFX Application Thread] DEBUG FXGLAssetLoaderServi - Loading from file system: file:/E:/dev_java/demofxpvz/target/classes/assets/textures/zombits/baozhi/baozhi%20(29).png
11:22:21.809 [JavaFX Application Thread] DEBUG FXGLAssetLoaderServi - Loading from file system: file:/E:/dev_java/demofxpvz/target/classes/assets/textures/zombits/baozhi/baozhi%20(30).png
11:22:21.811 [JavaFX Application Thread] DEBUG FXGLAssetLoaderServi - Loading from file system: file:/E:/dev_java/demofxpvz/target/classes/assets/textures/zombits/baozhi/baozhi%20(31).png
11:22:21.813 [JavaFX Application Thread] DEBUG FXGLAssetLoaderServi - Loading from file system: file:/E:/dev_java/demofxpvz/target/classes/assets/textures/zombits/baozhi/baozhi%20(32).png
11:22:21.815 [JavaFX Application Thread] DEBUG FXGLAssetLoaderServi - Loading from file system: file:/E:/dev_java/demofxpvz/target/classes/assets/textures/zombits/baozhi/baozhi%20(33).png
11:22:21.817 [JavaFX Application Thread] DEBUG FXGLAssetLoaderServi - Loading from file system: file:/E:/dev_java/demofxpvz/target/classes/assets/textures/zombits/baozhi/baozhi%20(34).png
11:22:21.820 [JavaFX Application Thread] DEBUG FXGLAssetLoaderServi - Loading from file system: file:/E:/dev_java/demofxpvz/target/classes/assets/textures/zombits/baozhi/baozhi%20(35).png
11:22:21.822 [JavaFX Application Thread] DEBUG FXGLAssetLoaderServi - Loading from file system: file:/E:/dev_java/demofxpvz/target/classes/assets/textures/zombits/baozhi/baozhi%20(36).png
11:22:21.824 [JavaFX Application Thread] DEBUG FXGLAssetLoaderServi - Loading from file system: file:/E:/dev_java/demofxpvz/target/classes/assets/textures/zombits/baozhi/baozhi%20(37).png
11:22:21.826 [JavaFX Application Thread] DEBUG FXGLAssetLoaderServi - Loading from file system: file:/E:/dev_java/demofxpvz/target/classes/assets/textures/zombits/baozhi/baozhi%20(38).png
11:22:21.828 [JavaFX Application Thread] DEBUG FXGLAssetLoaderServi - Loading from file system: file:/E:/dev_java/demofxpvz/target/classes/assets/textures/zombits/baozhi/baozhi%20(39).png
11:22:21.830 [JavaFX Application Thread] DEBUG FXGLAssetLoaderServi - Loading from file system: file:/E:/dev_java/demofxpvz/target/classes/assets/textures/zombits/baozhi/baozhi%20(40).png
11:22:21.832 [JavaFX Application Thread] DEBUG FXGLAssetLoaderServi - Loading from file system: file:/E:/dev_java/demofxpvz/target/classes/assets/textures/zombits/baozhi/baozhi%20(41).png
11:22:21.835 [JavaFX Application Thread] DEBUG FXGLAssetLoaderServi - Loading from file system: file:/E:/dev_java/demofxpvz/target/classes/assets/textures/zombits/baozhi/baozhi%20(42).png
11:22:21.837 [JavaFX Application Thread] DEBUG FXGLAssetLoaderServi - Loading from file system: file:/E:/dev_java/demofxpvz/target/classes/assets/textures/zombits/baozhi/baozhi%20(43).png
11:22:21.839 [JavaFX Application Thread] DEBUG FXGLAssetLoaderServi - Loading from file system: file:/E:/dev_java/demofxpvz/target/classes/assets/textures/zombits/baozhi/baozhi%20(44).png
11:22:21.841 [JavaFX Application Thread] DEBUG FXGLAssetLoaderServi - Loading from file system: file:/E:/dev_java/demofxpvz/target/classes/assets/textures/zombits/baozhi/baozhi%20(45).png
11:22:21.843 [JavaFX Application Thread] DEBUG FXGLAssetLoaderServi - Loading from file system: file:/E:/dev_java/demofxpvz/target/classes/assets/textures/zombits/baozhi/baozhi%20(46).png
11:22:21.845 [JavaFX Application Thread] DEBUG FXGLAssetLoaderServi - Loading from file system: file:/E:/dev_java/demofxpvz/target/classes/assets/textures/zombits/baozhi/baozhi%20(47).png
11:22:22.287 [JavaFX Application Thread] DEBUG FXGLAssetLoaderServi - Loading JSON from: file:/E:/dev_java/demofxpvz/target/classes/assets/data/Zombits.json
11:22:22.681 [FXGL Background Thread 3 ] DEBUG Engine               - Logging environment variables
11:22:22.681 [FXGL Background Thread 3 ] DEBUG Engine               - achievements: []
11:22:22.681 [FXGL Background Thread 3 ] DEBUG Engine               - actualHeight: 600.0
11:22:22.681 [FXGL Background Thread 3 ] DEBUG Engine               - actualHeightProperty: ReadOnlyDoubleProperty [value: 600.0]
11:22:22.681 [FXGL Background Thread 3 ] DEBUG Engine               - actualWidth: 1400.0
11:22:22.681 [FXGL Background Thread 3 ] DEBUG Engine               - actualWidthProperty: ReadOnlyDoubleProperty [value: 1400.0]
11:22:22.682 [FXGL Background Thread 3 ] DEBUG Engine               - appIcon: plant/wandou/wandou (1).png
11:22:22.682 [FXGL Background Thread 3 ] DEBUG Engine               - applicationMode: DEVELOPER
11:22:22.682 [FXGL Background Thread 3 ] DEBUG Engine               - cSSList: [fxgl_dark.css]
11:22:22.682 [FXGL Background Thread 3 ] DEBUG Engine               - collisionDetectionStrategy: BRUTE_FORCE
11:22:22.682 [FXGL Background Thread 3 ] DEBUG Engine               - configClass: Optional.empty
11:22:22.682 [FXGL Background Thread 3 ] DEBUG Engine               - credits: []
11:22:22.682 [FXGL Background Thread 3 ] DEBUG Engine               - defaultCursor: CursorInfo(imageName=fxgl_default_cursor.png, hotspotX=7.0, hotspotY=6.0)
11:22:22.682 [FXGL Background Thread 3 ] DEBUG Engine               - devBBoxColorProperty: ObjectProperty [value: 0xff0000ff]
11:22:22.682 [FXGL Background Thread 3 ] DEBUG Engine               - devEnableDebugCameraProperty: BooleanProperty [value: false]
11:22:22.682 [FXGL Background Thread 3 ] DEBUG Engine               - devSensorColorProperty: ObjectProperty [value: 0xffff00ff]
11:22:22.682 [FXGL Background Thread 3 ] DEBUG Engine               - devShowBBoxProperty: BooleanProperty [value: false]
11:22:22.682 [FXGL Background Thread 3 ] DEBUG Engine               - devShowPositionProperty: BooleanProperty [value: false]
11:22:22.684 [FXGL Background Thread 3 ] DEBUG Engine               - enabledMenuItems: []
11:22:22.684 [FXGL Background Thread 3 ] DEBUG Engine               - engineServices: [class com.almasb.fxgl.app.services.FXGLAssetLoaderService, class com.almasb.fxgl.app.FXGLApplication$GameApplicationService, class com.almasb.fxgl.app.services.FXGLDialogService, class com.almasb.fxgl.app.services.IOTaskExecutorService, class com.almasb.fxgl.io.FileSystemService, class com.almasb.fxgl.localization.LocalizationService, class com.almasb.fxgl.app.services.SystemBundleService, class com.almasb.fxgl.profile.SaveLoadService, class com.almasb.fxgl.ui.FXGLUIFactoryServiceProvider, class com.almasb.fxgl.ui.FXGLDialogFactoryServiceProvider, class com.almasb.fxgl.audio.AudioPlayer, class com.almasb.fxgl.notification.impl.NotificationServiceProvider, class com.almasb.fxgl.achievement.AchievementService, class com.almasb.fxgl.cutscene.CutsceneService, class com.almasb.fxgl.minigames.MiniGameService, class com.almasb.fxgl.net.NetService, class com.almasb.fxgl.app.services.UpdaterService, class com.almasb.fxgl.dev.DevService]
11:22:22.684 [FXGL Background Thread 3 ] DEBUG Engine               - fontGame: Abel-Regular.ttf
11:22:22.684 [FXGL Background Thread 3 ] DEBUG Engine               - fontMono: TerminalLandMono-Regular.otf
11:22:22.684 [FXGL Background Thread 3 ] DEBUG Engine               - fontText: Courier-Prime.ttf
11:22:22.684 [FXGL Background Thread 3 ] DEBUG Engine               - fontUI: VarelaRound-Regular.ttf
11:22:22.684 [FXGL Background Thread 3 ] DEBUG Engine               - fullScreen: BooleanProperty [value: false]
11:22:22.685 [FXGL Background Thread 3 ] DEBUG Engine               - gameDifficulty: MEDIUM
11:22:22.685 [FXGL Background Thread 3 ] DEBUG Engine               - gameDifficultyProperty: ObjectProperty [value: MEDIUM]
11:22:22.685 [FXGL Background Thread 3 ] DEBUG Engine               - globalMusicVolume: 0.5
11:22:22.685 [FXGL Background Thread 3 ] DEBUG Engine               - globalMusicVolumeProperty: DoubleProperty [value: 0.5]
11:22:22.686 [FXGL Background Thread 3 ] DEBUG Engine               - globalSoundVolume: 0.5
11:22:22.686 [FXGL Background Thread 3 ] DEBUG Engine               - globalSoundVolumeProperty: DoubleProperty [value: 0.5]
11:22:22.686 [FXGL Background Thread 3 ] DEBUG Engine               - height: 600
11:22:22.686 [FXGL Background Thread 3 ] DEBUG Engine               - is3D: false
11:22:22.686 [FXGL Background Thread 3 ] DEBUG Engine               - isAndroid: false
11:22:22.687 [FXGL Background Thread 3 ] DEBUG Engine               - isBrowser: false
11:22:22.687 [FXGL Background Thread 3 ] DEBUG Engine               - isClickFeedbackEnabled: false
11:22:22.688 [FXGL Background Thread 3 ] DEBUG Engine               - isCloseConfirmation: false
11:22:22.688 [FXGL Background Thread 3 ] DEBUG Engine               - isDesktop: true
11:22:22.688 [FXGL Background Thread 3 ] DEBUG Engine               - isDeveloperMenuEnabled: false
11:22:22.688 [FXGL Background Thread 3 ] DEBUG Engine               - isEmbedded: false
11:22:22.688 [FXGL Background Thread 3 ] DEBUG Engine               - isEntityPreloadEnabled: true
11:22:22.688 [FXGL Background Thread 3 ] DEBUG Engine               - isExperimentalTiledLargeMap: false
11:22:22.688 [FXGL Background Thread 3 ] DEBUG Engine               - isFileSystemWriteAllowed: true
11:22:22.689 [FXGL Background Thread 3 ] DEBUG Engine               - isFullScreenAllowed: false
11:22:22.689 [FXGL Background Thread 3 ] DEBUG Engine               - isFullScreenFromStart: false
11:22:22.689 [FXGL Background Thread 3 ] DEBUG Engine               - isGameMenuEnabled: true
11:22:22.689 [FXGL Background Thread 3 ] DEBUG Engine               - isIOS: false
11:22:22.689 [FXGL Background Thread 3 ] DEBUG Engine               - isIntroEnabled: false
11:22:22.689 [FXGL Background Thread 3 ] DEBUG Engine               - isLinux: false
11:22:22.689 [FXGL Background Thread 3 ] DEBUG Engine               - isMac: false
11:22:22.689 [FXGL Background Thread 3 ] DEBUG Engine               - isMainMenuEnabled: false
11:22:22.689 [FXGL Background Thread 3 ] DEBUG Engine               - isManualResizeEnabled: false
11:22:22.689 [FXGL Background Thread 3 ] DEBUG Engine               - isMobile: false
11:22:22.689 [FXGL Background Thread 3 ] DEBUG Engine               - isNative: false
11:22:22.689 [FXGL Background Thread 3 ] DEBUG Engine               - isPauseMusicWhenMinimized: true
11:22:22.689 [FXGL Background Thread 3 ] DEBUG Engine               - isPreserveResizeRatio: false
11:22:22.689 [FXGL Background Thread 3 ] DEBUG Engine               - isProfilingEnabled: false
11:22:22.689 [FXGL Background Thread 3 ] DEBUG Engine               - isScaleAffectedOnResize: true
11:22:22.689 [FXGL Background Thread 3 ] DEBUG Engine               - isSingleStep: false
11:22:22.689 [FXGL Background Thread 3 ] DEBUG Engine               - isUserProfileEnabled: false
11:22:22.689 [FXGL Background Thread 3 ] DEBUG Engine               - isWindows: true
11:22:22.690 [FXGL Background Thread 3 ] DEBUG Engine               - language: ObjectProperty [value: ENGLISH]
11:22:22.690 [FXGL Background Thread 3 ] DEBUG Engine               - menuKey: ESCAPE
11:22:22.690 [FXGL Background Thread 3 ] DEBUG Engine               - mouseSensitivity: 0.2
11:22:22.690 [FXGL Background Thread 3 ] DEBUG Engine               - notificationViewClass: class com.almasb.fxgl.notification.view.XboxNotificationView
11:22:22.690 [FXGL Background Thread 3 ] DEBUG Engine               - pixelsPerMeter: 50.0
11:22:22.690 [FXGL Background Thread 3 ] DEBUG Engine               - platform: WINDOWS
11:22:22.690 [FXGL Background Thread 3 ] DEBUG Engine               - prefHeightProperty: ReadOnlyDoubleProperty [value: 600.0]
11:22:22.690 [FXGL Background Thread 3 ] DEBUG Engine               - prefWidthProperty: ReadOnlyDoubleProperty [value: 1400.0]
11:22:22.690 [FXGL Background Thread 3 ] DEBUG Engine               - profileDir: profiles/
11:22:22.690 [FXGL Background Thread 3 ] DEBUG Engine               - profileName: StringProperty [value: DEFAULT]
11:22:22.690 [FXGL Background Thread 3 ] DEBUG Engine               - randomSeed: -1
11:22:22.691 [FXGL Background Thread 3 ] DEBUG Engine               - runtimeInfo: RuntimeInfo(platform=WINDOWS, version=17, build=31.12.2021 18.16)
11:22:22.691 [FXGL Background Thread 3 ] DEBUG Engine               - saveFileExt: sav
11:22:22.691 [FXGL Background Thread 3 ] DEBUG Engine               - scaledHeightProp$fxgl: DoubleProperty [bound, value: 600.0]
11:22:22.691 [FXGL Background Thread 3 ] DEBUG Engine               - scaledWidthProp$fxgl: DoubleProperty [bound, value: 1400.0]
11:22:22.691 [FXGL Background Thread 3 ] DEBUG Engine               - sceneFactory: com.almasb.fxgl.app.scene.SceneFactory@368cf0da
11:22:22.691 [FXGL Background Thread 3 ] DEBUG Engine               - secondsIn24h: 60
11:22:22.691 [FXGL Background Thread 3 ] DEBUG Engine               - soundMenuBack: menu/back.wav
11:22:22.691 [FXGL Background Thread 3 ] DEBUG Engine               - soundMenuPress: menu/press.wav
11:22:22.691 [FXGL Background Thread 3 ] DEBUG Engine               - soundMenuSelect: menu/select.wav
11:22:22.691 [FXGL Background Thread 3 ] DEBUG Engine               - soundNotification: core/notification.wav
11:22:22.691 [FXGL Background Thread 3 ] DEBUG Engine               - stageStyle: DECORATED
11:22:22.691 [FXGL Background Thread 3 ] DEBUG Engine               - supportedLanguages: [ENGLISH, FRENCH, GERMAN, HUNGARIAN, RUSSIAN]
11:22:22.691 [FXGL Background Thread 3 ] DEBUG Engine               - ticksPerSecond: -1
11:22:22.692 [FXGL Background Thread 3 ] DEBUG Engine               - title: PlantVsZombit
11:22:22.692 [FXGL Background Thread 3 ] DEBUG Engine               - urlGithub: https://github.com/AlmasB/FXGL
11:22:22.692 [FXGL Background Thread 3 ] DEBUG Engine               - urlLeaderboard: http://fxgl-top.herokuapp.com/
11:22:22.692 [FXGL Background Thread 3 ] DEBUG Engine               - urlPOM: https://raw.githubusercontent.com/AlmasB/FXGL/release/README.md
11:22:22.692 [FXGL Background Thread 3 ] DEBUG Engine               - userAppClass: class com.pvz.Main
11:22:22.692 [FXGL Background Thread 3 ] DEBUG Engine               - version: 0.0
11:22:22.692 [FXGL Background Thread 3 ] DEBUG Engine               - versionCheckDays: 7
11:22:22.692 [FXGL Background Thread 3 ] DEBUG Engine               - width: 1400
11:22:22.692 [FXGL Background Thread 3 ] DEBUG Engine               - Logging services
11:22:22.692 [FXGL Background Thread 3 ] DEBUG Engine               - class com.almasb.fxgl.app.services.FXGLAssetLoaderService
11:22:22.692 [FXGL Background Thread 3 ] DEBUG Engine               - class com.almasb.fxgl.app.FXGLApplication$GameApplicationService
11:22:22.692 [FXGL Background Thread 3 ] DEBUG Engine               - class com.almasb.fxgl.app.services.FXGLDialogService
11:22:22.692 [FXGL Background Thread 3 ] DEBUG Engine               - class com.almasb.fxgl.app.services.IOTaskExecutorService
11:22:22.692 [FXGL Background Thread 3 ] DEBUG Engine               - class com.almasb.fxgl.io.FileSystemService
11:22:22.692 [FXGL Background Thread 3 ] DEBUG Engine               - class com.almasb.fxgl.localization.LocalizationService
11:22:22.692 [FXGL Background Thread 3 ] DEBUG Engine               - class com.almasb.fxgl.app.services.SystemBundleService
11:22:22.692 [FXGL Background Thread 3 ] DEBUG Engine               - class com.almasb.fxgl.profile.SaveLoadService
11:22:22.692 [FXGL Background Thread 3 ] DEBUG Engine               - class com.almasb.fxgl.ui.FXGLUIFactoryServiceProvider
11:22:22.692 [FXGL Background Thread 3 ] DEBUG Engine               - class com.almasb.fxgl.ui.FXGLDialogFactoryServiceProvider
11:22:22.692 [FXGL Background Thread 3 ] DEBUG Engine               - class com.almasb.fxgl.audio.AudioPlayer
11:22:22.693 [FXGL Background Thread 3 ] DEBUG Engine               - class com.almasb.fxgl.notification.impl.NotificationServiceProvider
11:22:22.693 [FXGL Background Thread 3 ] DEBUG Engine               - class com.almasb.fxgl.achievement.AchievementService
11:22:22.693 [FXGL Background Thread 3 ] DEBUG Engine               - class com.almasb.fxgl.cutscene.CutsceneService
11:22:22.693 [FXGL Background Thread 3 ] DEBUG Engine               - class com.almasb.fxgl.minigames.MiniGameService
11:22:22.693 [FXGL Background Thread 3 ] DEBUG Engine               - class com.almasb.fxgl.net.NetService
11:22:22.693 [FXGL Background Thread 3 ] DEBUG Engine               - class com.almasb.fxgl.app.services.UpdaterService
11:22:22.693 [FXGL Background Thread 3 ] DEBUG Engine               - class com.almasb.fxgl.dev.DevService
11:22:22.737 [JavaFX Application Thread] DEBUG FXGLAssetLoaderServi - Loading JSON from: file:/E:/dev_java/demofxpvz/target/classes/assets/data/Zombits.json
11:22:23.327 [JavaFX Application Thread] DEBUG FXGLAssetLoaderServi - Loading JSON from: file:/E:/dev_java/demofxpvz/target/classes/assets/data/Zombits.json
11:22:24.101 [JavaFX Application Thread] DEBUG FXGLAssetLoaderServi - Loading JSON from: file:/E:/dev_java/demofxpvz/target/classes/assets/data/Zombits.json
11:22:25.055 [JavaFX Application Thread] DEBUG FXGLAssetLoaderServi - Loading JSON from: file:/E:/dev_java/demofxpvz/target/classes/assets/data/Zombits.json
11:22:26.216 [JavaFX Application Thread] DEBUG FXGLAssetLoaderServi - Loading JSON from: file:/E:/dev_java/demofxpvz/target/classes/assets/data/Zombits.json
11:22:27.344 [JavaFX Application Thread] DEBUG FXGLAssetLoaderServi - Loading JSON from: file:/E:/dev_java/demofxpvz/target/classes/assets/data/Zombits.json
11:22:28.529 [JavaFX Application Thread] DEBUG FXGLAssetLoaderServi - Loading JSON from: file:/E:/dev_java/demofxpvz/target/classes/assets/data/Zombits.json
11:22:29.616 [JavaFX Application Thread] DEBUG FXGLAssetLoaderServi - Loading JSON from: file:/E:/dev_java/demofxpvz/target/classes/assets/data/Zombits.json
11:22:30.897 [JavaFX Application Thread] DEBUG FXGLAssetLoaderServi - Loading JSON from: file:/E:/dev_java/demofxpvz/target/classes/assets/data/Zombits.json
11:22:31.968 [JavaFX Application Thread] DEBUG FXGLAssetLoaderServi - Loading JSON from: file:/E:/dev_java/demofxpvz/target/classes/assets/data/Zombits.json
11:22:32.896 [JavaFX Application Thread] DEBUG FXGLAssetLoaderServi - Loading JSON from: file:/E:/dev_java/demofxpvz/target/classes/assets/data/Zombits.json
11:22:33.839 [JavaFX Application Thread] DEBUG FXGLAssetLoaderServi - Loading JSON from: file:/E:/dev_java/demofxpvz/target/classes/assets/data/Zombits.json
11:22:34.847 [JavaFX Application Thread] DEBUG FXGLAssetLoaderServi - Loading JSON from: file:/E:/dev_java/demofxpvz/target/classes/assets/data/Zombits.json
11:22:35.859 [JavaFX Application Thread] DEBUG FXGLAssetLoaderServi - Loading JSON from: file:/E:/dev_java/demofxpvz/target/classes/assets/data/Zombits.json
11:22:36.864 [JavaFX Application Thread] DEBUG FXGLAssetLoaderServi - Loading JSON from: file:/E:/dev_java/demofxpvz/target/classes/assets/data/Zombits.json
11:22:37.889 [JavaFX Application Thread] DEBUG FXGLAssetLoaderServi - Loading JSON from: file:/E:/dev_java/demofxpvz/target/classes/assets/data/Zombits.json
11:22:38.895 [JavaFX Application Thread] DEBUG FXGLAssetLoaderServi - Loading JSON from: file:/E:/dev_java/demofxpvz/target/classes/assets/data/Zombits.json
11:22:39.920 [JavaFX Application Thread] DEBUG FXGLAssetLoaderServi - Loading JSON from: file:/E:/dev_java/demofxpvz/target/classes/assets/data/Zombits.json
11:22:40.928 [JavaFX Application Thread] DEBUG FXGLAssetLoaderServi - Loading JSON from: file:/E:/dev_java/demofxpvz/target/classes/assets/data/Zombits.json
11:22:41.935 [JavaFX Application Thread] DEBUG FXGLAssetLoaderServi - Loading JSON from: file:/E:/dev_java/demofxpvz/target/classes/assets/data/Zombits.json
11:22:42.959 [JavaFX Application Thread] DEBUG FXGLAssetLoaderServi - Loading JSON from: file:/E:/dev_java/demofxpvz/target/classes/assets/data/Zombits.json
11:22:43.968 [JavaFX Application Thread] DEBUG FXGLAssetLoaderServi - Loading JSON from: file:/E:/dev_java/demofxpvz/target/classes/assets/data/Zombits.json
11:22:44.991 [JavaFX Application Thread] DEBUG FXGLAssetLoaderServi - Loading JSON from: file:/E:/dev_java/demofxpvz/target/classes/assets/data/Zombits.json
11:22:46.000 [JavaFX Application Thread] DEBUG FXGLAssetLoaderServi - Loading JSON from: file:/E:/dev_java/demofxpvz/target/classes/assets/data/Zombits.json
11:22:47.024 [JavaFX Application Thread] DEBUG FXGLAssetLoaderServi - Loading JSON from: file:/E:/dev_java/demofxpvz/target/classes/assets/data/Zombits.json
11:22:48.033 [JavaFX Application Thread] DEBUG FXGLAssetLoaderServi - Loading JSON from: file:/E:/dev_java/demofxpvz/target/classes/assets/data/Zombits.json
11:22:49.055 [JavaFX Application Thread] DEBUG FXGLAssetLoaderServi - Loading JSON from: file:/E:/dev_java/demofxpvz/target/classes/assets/data/Zombits.json
11:22:50.320 [JavaFX Application Thread] DEBUG FXGLAssetLoaderServi - Loading JSON from: file:/E:/dev_java/demofxpvz/target/classes/assets/data/Zombits.json
11:22:51.184 [JavaFX Application Thread] DEBUG FXGLAssetLoaderServi - Loading JSON from: file:/E:/dev_java/demofxpvz/target/classes/assets/data/Zombits.json
11:22:52.048 [JavaFX Application Thread] DEBUG FXGLAssetLoaderServi - Loading JSON from: file:/E:/dev_java/demofxpvz/target/classes/assets/data/Zombits.json
11:22:53.071 [JavaFX Application Thread] DEBUG FXGLAssetLoaderServi - Loading JSON from: file:/E:/dev_java/demofxpvz/target/classes/assets/data/Zombits.json
11:22:54.080 [JavaFX Application Thread] DEBUG FXGLAssetLoaderServi - Loading JSON from: file:/E:/dev_java/demofxpvz/target/classes/assets/data/Zombits.json
11:22:55.103 [JavaFX Application Thread] DEBUG FXGLAssetLoaderServi - Loading JSON from: file:/E:/dev_java/demofxpvz/target/classes/assets/data/Zombits.json
11:22:56.111 [JavaFX Application Thread] DEBUG FXGLAssetLoaderServi - Loading JSON from: file:/E:/dev_java/demofxpvz/target/classes/assets/data/Zombits.json
11:22:57.135 [JavaFX Application Thread] DEBUG FXGLAssetLoaderServi - Loading JSON from: file:/E:/dev_java/demofxpvz/target/classes/assets/data/Zombits.json
11:22:58.144 [JavaFX Application Thread] DEBUG FXGLAssetLoaderServi - Loading JSON from: file:/E:/dev_java/demofxpvz/target/classes/assets/data/Zombits.json
11:22:59.167 [JavaFX Application Thread] DEBUG FXGLAssetLoaderServi - Loading JSON from: file:/E:/dev_java/demofxpvz/target/classes/assets/data/Zombits.json
11:23:00.175 [JavaFX Application Thread] DEBUG FXGLAssetLoaderServi - Loading JSON from: file:/E:/dev_java/demofxpvz/target/classes/assets/data/Zombits.json
11:23:01.199 [JavaFX Application Thread] DEBUG FXGLAssetLoaderServi - Loading JSON from: file:/E:/dev_java/demofxpvz/target/classes/assets/data/Zombits.json
11:23:02.208 [JavaFX Application Thread] DEBUG FXGLAssetLoaderServi - Loading JSON from: file:/E:/dev_java/demofxpvz/target/classes/assets/data/Zombits.json
11:23:03.233 [JavaFX Application Thread] DEBUG FXGLAssetLoaderServi - Loading JSON from: file:/E:/dev_java/demofxpvz/target/classes/assets/data/Zombits.json
11:23:04.239 [JavaFX Application Thread] DEBUG FXGLAssetLoaderServi - Loading JSON from: file:/E:/dev_java/demofxpvz/target/classes/assets/data/Zombits.json
11:23:05.263 [JavaFX Application Thread] DEBUG FXGLAssetLoaderServi - Loading JSON from: file:/E:/dev_java/demofxpvz/target/classes/assets/data/Zombits.json
11:23:05.867 [JavaFX Application Thread] DEBUG FXGLAssetLoaderServi - Loading from file system: file:/E:/dev_java/demofxpvz/target/classes/assets/sounds/paper.wav
11:23:06.783 [JavaFX Application Thread] DEBUG FXGLAssetLoaderServi - Loading JSON from: file:/E:/dev_java/demofxpvz/target/classes/assets/data/Zombits.json
11:23:07.423 [JavaFX Application Thread] DEBUG FXGLAssetLoaderServi - Loading from file system: file:/E:/dev_java/demofxpvz/target/classes/assets/sounds/plant.wav
11:23:07.427 [JavaFX Application Thread] DEBUG FXGLAssetLoaderServi - Loading from file system: file:/E:/dev_java/demofxpvz/target/classes/assets/textures/plant/wandou/wandou%20(2).png
11:23:07.430 [JavaFX Application Thread] DEBUG FXGLAssetLoaderServi - Loading from file system: file:/E:/dev_java/demofxpvz/target/classes/assets/textures/plant/wandou/wandou%20(3).png
11:23:07.433 [JavaFX Application Thread] DEBUG FXGLAssetLoaderServi - Loading from file system: file:/E:/dev_java/demofxpvz/target/classes/assets/textures/plant/wandou/wandou%20(4).png
11:23:07.434 [JavaFX Application Thread] DEBUG FXGLAssetLoaderServi - Loading from file system: file:/E:/dev_java/demofxpvz/target/classes/assets/textures/plant/wandou/wandou%20(5).png
11:23:07.435 [JavaFX Application Thread] DEBUG FXGLAssetLoaderServi - Loading from file system: file:/E:/dev_java/demofxpvz/target/classes/assets/textures/plant/wandou/wandou%20(6).png
11:23:07.436 [JavaFX Application Thread] DEBUG FXGLAssetLoaderServi - Loading from file system: file:/E:/dev_java/demofxpvz/target/classes/assets/textures/plant/wandou/wandou%20(7).png
11:23:07.437 [JavaFX Application Thread] DEBUG FXGLAssetLoaderServi - Loading from file system: file:/E:/dev_java/demofxpvz/target/classes/assets/textures/plant/wandou/wandou%20(8).png
11:23:07.438 [JavaFX Application Thread] DEBUG FXGLAssetLoaderServi - Loading from file system: file:/E:/dev_java/demofxpvz/target/classes/assets/textures/plant/wandou/wandou%20(9).png
11:23:07.439 [JavaFX Application Thread] DEBUG FXGLAssetLoaderServi - Loading from file system: file:/E:/dev_java/demofxpvz/target/classes/assets/textures/plant/wandou/wandou%20(10).png
11:23:07.440 [JavaFX Application Thread] DEBUG FXGLAssetLoaderServi - Loading from file system: file:/E:/dev_java/demofxpvz/target/classes/assets/textures/plant/wandou/wandou%20(11).png
11:23:07.441 [JavaFX Application Thread] DEBUG FXGLAssetLoaderServi - Loading from file system: file:/E:/dev_java/demofxpvz/target/classes/assets/textures/plant/wandou/wandou%20(12).png
11:23:07.442 [JavaFX Application Thread] DEBUG FXGLAssetLoaderServi - Loading from file system: file:/E:/dev_java/demofxpvz/target/classes/assets/textures/plant/wandou/wandou%20(13).png
11:23:07.443 [JavaFX Application Thread] DEBUG FXGLAssetLoaderServi - Loading from file system: file:/E:/dev_java/demofxpvz/target/classes/assets/textures/plant/wandou/wandou%20(14).png
11:23:07.444 [JavaFX Application Thread] DEBUG FXGLAssetLoaderServi - Loading from file system: file:/E:/dev_java/demofxpvz/target/classes/assets/textures/plant/wandou/wandou%20(15).png
11:23:07.446 [JavaFX Application Thread] DEBUG FXGLAssetLoaderServi - Loading from file system: file:/E:/dev_java/demofxpvz/target/classes/assets/textures/plant/wandou/wandou%20(16).png
11:23:07.447 [JavaFX Application Thread] DEBUG FXGLAssetLoaderServi - Loading from file system: file:/E:/dev_java/demofxpvz/target/classes/assets/textures/plant/wandou/wandou%20(17).png
11:23:07.448 [JavaFX Application Thread] DEBUG FXGLAssetLoaderServi - Loading from file system: file:/E:/dev_java/demofxpvz/target/classes/assets/textures/plant/wandou/wandou%20(18).png
11:23:07.449 [JavaFX Application Thread] DEBUG FXGLAssetLoaderServi - Loading from file system: file:/E:/dev_java/demofxpvz/target/classes/assets/textures/plant/wandou/wandou%20(19).png
11:23:07.450 [JavaFX Application Thread] DEBUG FXGLAssetLoaderServi - Loading from file system: file:/E:/dev_java/demofxpvz/target/classes/assets/textures/plant/wandou/wandou%20(20).png
11:23:07.451 [JavaFX Application Thread] DEBUG FXGLAssetLoaderServi - Loading from file system: file:/E:/dev_java/demofxpvz/target/classes/assets/textures/plant/wandou/wandou%20(21).png
11:23:07.452 [JavaFX Application Thread] DEBUG FXGLAssetLoaderServi - Loading from file system: file:/E:/dev_java/demofxpvz/target/classes/assets/textures/plant/wandou/wandou%20(22).png
11:23:07.452 [JavaFX Application Thread] DEBUG FXGLAssetLoaderServi - Loading from file system: file:/E:/dev_java/demofxpvz/target/classes/assets/textures/plant/wandou/wandou%20(23).png
11:23:07.453 [JavaFX Application Thread] DEBUG FXGLAssetLoaderServi - Loading from file system: file:/E:/dev_java/demofxpvz/target/classes/assets/textures/plant/wandou/wandou%20(24).png
11:23:07.454 [JavaFX Application Thread] DEBUG FXGLAssetLoaderServi - Loading from file system: file:/E:/dev_java/demofxpvz/target/classes/assets/textures/plant/wandou/wandou%20(25).png
11:23:07.455 [JavaFX Application Thread] DEBUG FXGLAssetLoaderServi - Loading from file system: file:/E:/dev_java/demofxpvz/target/classes/assets/textures/plant/wandou/wandou%20(26).png
11:23:07.456 [JavaFX Application Thread] DEBUG FXGLAssetLoaderServi - Loading from file system: file:/E:/dev_java/demofxpvz/target/classes/assets/textures/plant/wandou/wandou%20(27).png
11:23:07.456 [JavaFX Application Thread] DEBUG FXGLAssetLoaderServi - Loading from file system: file:/E:/dev_java/demofxpvz/target/classes/assets/textures/plant/wandou/wandou%20(28).png
11:23:07.457 [JavaFX Application Thread] DEBUG FXGLAssetLoaderServi - Loading from file system: file:/E:/dev_java/demofxpvz/target/classes/assets/textures/plant/wandou/wandou%20(29).png
11:23:07.458 [JavaFX Application Thread] DEBUG FXGLAssetLoaderServi - Loading from file system: file:/E:/dev_java/demofxpvz/target/classes/assets/textures/plant/wandou/wandou%20(30).png
11:23:07.459 [JavaFX Application Thread] DEBUG FXGLAssetLoaderServi - Loading from file system: file:/E:/dev_java/demofxpvz/target/classes/assets/textures/plant/wandou/wandou%20(31).png
11:23:07.460 [JavaFX Application Thread] DEBUG FXGLAssetLoaderServi - Loading from file system: file:/E:/dev_java/demofxpvz/target/classes/assets/textures/plant/wandou/wandou%20(32).png
11:23:07.461 [JavaFX Application Thread] DEBUG FXGLAssetLoaderServi - Loading from file system: file:/E:/dev_java/demofxpvz/target/classes/assets/textures/plant/wandou/wandou%20(33).png
11:23:07.462 [JavaFX Application Thread] DEBUG FXGLAssetLoaderServi - Loading from file system: file:/E:/dev_java/demofxpvz/target/classes/assets/textures/plant/wandou/wandou%20(34).png
11:23:07.463 [JavaFX Application Thread] DEBUG FXGLAssetLoaderServi - Loading from file system: file:/E:/dev_java/demofxpvz/target/classes/assets/textures/plant/wandou/wandou%20(35).png
11:23:07.464 [JavaFX Application Thread] DEBUG FXGLAssetLoaderServi - Loading from file system: file:/E:/dev_java/demofxpvz/target/classes/assets/textures/plant/wandou/wandou%20(36).png
11:23:07.464 [JavaFX Application Thread] DEBUG FXGLAssetLoaderServi - Loading from file system: file:/E:/dev_java/demofxpvz/target/classes/assets/textures/plant/wandou/wandou%20(37).png
11:23:07.465 [JavaFX Application Thread] DEBUG FXGLAssetLoaderServi - Loading from file system: file:/E:/dev_java/demofxpvz/target/classes/assets/textures/plant/wandou/wandou%20(38).png
11:23:07.466 [JavaFX Application Thread] DEBUG FXGLAssetLoaderServi - Loading from file system: file:/E:/dev_java/demofxpvz/target/classes/assets/textures/plant/wandou/wandou%20(39).png
11:23:07.467 [JavaFX Application Thread] DEBUG FXGLAssetLoaderServi - Loading from file system: file:/E:/dev_java/demofxpvz/target/classes/assets/textures/plant/wandou/wandou%20(40).png
11:23:07.468 [JavaFX Application Thread] DEBUG FXGLAssetLoaderServi - Loading from file system: file:/E:/dev_java/demofxpvz/target/classes/assets/textures/plant/wandou/wandou%20(41).png
11:23:07.468 [JavaFX Application Thread] DEBUG FXGLAssetLoaderServi - Loading from file system: file:/E:/dev_java/demofxpvz/target/classes/assets/textures/plant/wandou/wandou%20(42).png
11:23:07.469 [JavaFX Application Thread] DEBUG FXGLAssetLoaderServi - Loading from file system: file:/E:/dev_java/demofxpvz/target/classes/assets/textures/plant/wandou/wandou%20(43).png
11:23:07.472 [JavaFX Application Thread] DEBUG FXGLAssetLoaderServi - Loading from file system: file:/E:/dev_java/demofxpvz/target/classes/assets/textures/plant/wandou/Bullets/bullet1.png
11:23:07.473 [JavaFX Application Thread] DEBUG FXGLAssetLoaderServi - Loading from file system: file:/E:/dev_java/demofxpvz/target/classes/assets/sounds/biu.wav
11:23:07.504 [JavaFX Application Thread] DEBUG FXGLAssetLoaderServi - Loading from file system: file:/E:/dev_java/demofxpvz/target/classes/assets/sounds/attack.wav
11:23:09.681 [JavaFX Application Thread] DEBUG FXGLAssetLoaderServi - Loading JSON from: file:/E:/dev_java/demofxpvz/target/classes/assets/data/Zombits.json
11:23:11.423 [JavaFX Application Thread] DEBUG FXGLAssetLoaderServi - Loading JSON from: file:/E:/dev_java/demofxpvz/target/classes/assets/data/Zombits.json
11:23:11.503 [JavaFX Application Thread] DEBUG FXGLAssetLoaderServi - Loading from file system: file:/E:/dev_java/demofxpvz/target/classes/assets/textures/zombits/baozhi/baozhi%20(48).png
11:23:11.505 [JavaFX Application Thread] DEBUG FXGLAssetLoaderServi - Loading from file system: file:/E:/dev_java/demofxpvz/target/classes/assets/textures/zombits/baozhi/baozhi%20(49).png
11:23:11.506 [JavaFX Application Thread] DEBUG FXGLAssetLoaderServi - Loading from file system: file:/E:/dev_java/demofxpvz/target/classes/assets/textures/zombits/baozhi/baozhi%20(50).png
11:23:11.509 [JavaFX Application Thread] DEBUG FXGLAssetLoaderServi - Loading from file system: file:/E:/dev_java/demofxpvz/target/classes/assets/textures/zombits/baozhi/baozhi%20(51).png
11:23:11.511 [JavaFX Application Thread] DEBUG FXGLAssetLoaderServi - Loading from file system: file:/E:/dev_java/demofxpvz/target/classes/assets/textures/zombits/baozhi/baozhi%20(52).png
11:23:11.513 [JavaFX Application Thread] DEBUG FXGLAssetLoaderServi - Loading from file system: file:/E:/dev_java/demofxpvz/target/classes/assets/textures/zombits/baozhi/baozhi%20(53).png
11:23:11.514 [JavaFX Application Thread] DEBUG FXGLAssetLoaderServi - Loading from file system: file:/E:/dev_java/demofxpvz/target/classes/assets/textures/zombits/baozhi/baozhi%20(54).png
11:23:11.515 [JavaFX Application Thread] DEBUG FXGLAssetLoaderServi - Loading from file system: file:/E:/dev_java/demofxpvz/target/classes/assets/textures/zombits/baozhi/baozhi%20(55).png
11:23:11.516 [JavaFX Application Thread] DEBUG FXGLAssetLoaderServi - Loading from file system: file:/E:/dev_java/demofxpvz/target/classes/assets/textures/zombits/baozhi/baozhi%20(56).png
11:23:11.517 [JavaFX Application Thread] DEBUG FXGLAssetLoaderServi - Loading from file system: file:/E:/dev_java/demofxpvz/target/classes/assets/textures/zombits/baozhi/baozhi%20(57).png
11:23:11.518 [JavaFX Application Thread] DEBUG FXGLAssetLoaderServi - Loading from file system: file:/E:/dev_java/demofxpvz/target/classes/assets/textures/zombits/baozhi/baozhi%20(58).png
11:23:11.519 [JavaFX Application Thread] DEBUG FXGLAssetLoaderServi - Loading from file system: file:/E:/dev_java/demofxpvz/target/classes/assets/textures/zombits/baozhi/baozhi%20(59).png
11:23:11.521 [JavaFX Application Thread] DEBUG FXGLAssetLoaderServi - Loading from file system: file:/E:/dev_java/demofxpvz/target/classes/assets/textures/zombits/baozhi/baozhi%20(60).png
11:23:11.522 [JavaFX Application Thread] DEBUG FXGLAssetLoaderServi - Loading from file system: file:/E:/dev_java/demofxpvz/target/classes/assets/textures/zombits/baozhi/baozhi%20(61).png
11:23:11.523 [JavaFX Application Thread] DEBUG FXGLAssetLoaderServi - Loading from file system: file:/E:/dev_java/demofxpvz/target/classes/assets/textures/zombits/baozhi/baozhi%20(62).png
11:23:11.523 [JavaFX Application Thread] DEBUG FXGLAssetLoaderServi - Loading from file system: file:/E:/dev_java/demofxpvz/target/classes/assets/textures/zombits/baozhi/baozhi%20(63).png
11:23:11.525 [JavaFX Application Thread] DEBUG FXGLAssetLoaderServi - Loading from file system: file:/E:/dev_java/demofxpvz/target/classes/assets/textures/zombits/baozhi/baozhi%20(64).png
11:23:11.526 [JavaFX Application Thread] DEBUG FXGLAssetLoaderServi - Loading from file system: file:/E:/dev_java/demofxpvz/target/classes/assets/textures/zombits/baozhi/baozhi%20(65).png
11:23:11.527 [JavaFX Application Thread] DEBUG FXGLAssetLoaderServi - Loading from file system: file:/E:/dev_java/demofxpvz/target/classes/assets/textures/zombits/baozhi/baozhi%20(66).png
11:23:11.528 [JavaFX Application Thread] DEBUG FXGLAssetLoaderServi - Loading from file system: file:/E:/dev_java/demofxpvz/target/classes/assets/textures/zombits/baozhi/baozhi%20(67).png
11:23:11.529 [JavaFX Application Thread] DEBUG FXGLAssetLoaderServi - Loading from file system: file:/E:/dev_java/demofxpvz/target/classes/assets/textures/zombits/baozhi/baozhi%20(68).png
11:23:11.530 [JavaFX Application Thread] DEBUG FXGLAssetLoaderServi - Loading from file system: file:/E:/dev_java/demofxpvz/target/classes/assets/textures/zombits/baozhi/baozhi%20(69).png
11:23:11.531 [JavaFX Application Thread] DEBUG FXGLAssetLoaderServi - Loading from file system: file:/E:/dev_java/demofxpvz/target/classes/assets/textures/zombits/baozhi/baozhi%20(70).png
11:23:11.532 [JavaFX Application Thread] DEBUG FXGLAssetLoaderServi - Loading from file system: file:/E:/dev_java/demofxpvz/target/classes/assets/textures/zombits/baozhi/baozhi%20(71).png
11:23:11.533 [JavaFX Application Thread] DEBUG FXGLAssetLoaderServi - Loading from file system: file:/E:/dev_java/demofxpvz/target/classes/assets/textures/zombits/baozhi/baozhi%20(72).png
11:23:11.534 [JavaFX Application Thread] DEBUG FXGLAssetLoaderServi - Loading from file system: file:/E:/dev_java/demofxpvz/target/classes/assets/textures/zombits/baozhi/baozhi%20(73).png
11:23:11.535 [JavaFX Application Thread] DEBUG FXGLAssetLoaderServi - Loading from file system: file:/E:/dev_java/demofxpvz/target/classes/assets/textures/zombits/baozhi/baozhi%20(74).png
11:23:11.536 [JavaFX Application Thread] DEBUG FXGLAssetLoaderServi - Loading from file system: file:/E:/dev_java/demofxpvz/target/classes/assets/textures/zombits/baozhi/baozhi%20(75).png
11:23:11.537 [JavaFX Application Thread] DEBUG FXGLAssetLoaderServi - Loading from file system: file:/E:/dev_java/demofxpvz/target/classes/assets/textures/zombits/baozhi/baozhi%20(76).png
11:23:11.538 [JavaFX Application Thread] DEBUG FXGLAssetLoaderServi - Loading from file system: file:/E:/dev_java/demofxpvz/target/classes/assets/textures/zombits/baozhi/baozhi%20(77).png
11:23:11.539 [JavaFX Application Thread] DEBUG FXGLAssetLoaderServi - Loading from file system: file:/E:/dev_java/demofxpvz/target/classes/assets/textures/zombits/baozhi/baozhi%20(78).png
11:23:11.540 [JavaFX Application Thread] DEBUG FXGLAssetLoaderServi - Loading from file system: file:/E:/dev_java/demofxpvz/target/classes/assets/textures/zombits/baozhi/baozhi%20(79).png
11:23:11.542 [JavaFX Application Thread] DEBUG FXGLAssetLoaderServi - Loading from file system: file:/E:/dev_java/demofxpvz/target/classes/assets/textures/zombits/baozhi/baozhi%20(80).png
11:23:11.543 [JavaFX Application Thread] DEBUG FXGLAssetLoaderServi - Loading from file system: file:/E:/dev_java/demofxpvz/target/classes/assets/textures/zombits/baozhi/baozhi%20(81).png
11:23:11.544 [JavaFX Application Thread] DEBUG FXGLAssetLoaderServi - Loading from file system: file:/E:/dev_java/demofxpvz/target/classes/assets/textures/zombits/baozhi/baozhi%20(82).png
11:23:11.545 [JavaFX Application Thread] DEBUG FXGLAssetLoaderServi - Loading from file system: file:/E:/dev_java/demofxpvz/target/classes/assets/textures/zombits/baozhi/baozhi%20(83).png
11:23:11.546 [JavaFX Application Thread] DEBUG FXGLAssetLoaderServi - Loading from file system: file:/E:/dev_java/demofxpvz/target/classes/assets/textures/zombits/baozhi/baozhi%20(84).png
11:23:11.547 [JavaFX Application Thread] DEBUG FXGLAssetLoaderServi - Loading from file system: file:/E:/dev_java/demofxpvz/target/classes/assets/textures/zombits/baozhi/baozhi%20(85).png
11:23:11.548 [JavaFX Application Thread] DEBUG FXGLAssetLoaderServi - Loading from file system: file:/E:/dev_java/demofxpvz/target/classes/assets/textures/zombits/baozhi/baozhi%20(86).png
11:23:11.549 [JavaFX Application Thread] DEBUG FXGLAssetLoaderServi - Loading from file system: file:/E:/dev_java/demofxpvz/target/classes/assets/textures/zombits/baozhi/baozhi%20(87).png
11:23:11.550 [JavaFX Application Thread] DEBUG FXGLAssetLoaderServi - Loading from file system: file:/E:/dev_java/demofxpvz/target/classes/assets/textures/zombits/baozhi/baozhi%20(88).png
11:23:11.551 [JavaFX Application Thread] DEBUG FXGLAssetLoaderServi - Loading from file system: file:/E:/dev_java/demofxpvz/target/classes/assets/textures/zombits/baozhi/baozhi%20(89).png
11:23:11.552 [JavaFX Application Thread] DEBUG FXGLAssetLoaderServi - Loading from file system: file:/E:/dev_java/demofxpvz/target/classes/assets/textures/zombits/baozhi/baozhi%20(90).png
11:23:11.553 [JavaFX Application Thread] DEBUG FXGLAssetLoaderServi - Loading from file system: file:/E:/dev_java/demofxpvz/target/classes/assets/textures/zombits/baozhi/baozhi%20(91).png
11:23:11.554 [JavaFX Application Thread] DEBUG FXGLAssetLoaderServi - Loading from file system: file:/E:/dev_java/demofxpvz/target/classes/assets/textures/zombits/baozhi/baozhi%20(92).png
11:23:11.555 [JavaFX Application Thread] DEBUG FXGLAssetLoaderServi - Loading from file system: file:/E:/dev_java/demofxpvz/target/classes/assets/textures/zombits/baozhi/baozhi%20(93).png
11:23:11.566 [JavaFX Application Thread] DEBUG FXGLAssetLoaderServi - Loading from file system: file:/E:/dev_java/demofxpvz/target/classes/assets/sounds/eat0.wav
11:23:12.447 [JavaFX Application Thread] DEBUG FXGLAssetLoaderServi - Loading JSON from: file:/E:/dev_java/demofxpvz/target/classes/assets/data/Zombits.json
11:23:13.441 [JavaFX Application Thread] DEBUG FXGLAssetLoaderServi - Loading JSON from: file:/E:/dev_java/demofxpvz/target/classes/assets/data/Zombits.json
11:23:13.535 [JavaFX Application Thread] DEBUG FXGLAssetLoaderServi - Loading from file system: file:/E:/dev_java/demofxpvz/target/classes/assets/sounds/eat2.wav
11:23:14.432 [JavaFX Application Thread] DEBUG FXGLAssetLoaderServi - Loading JSON from: file:/E:/dev_java/demofxpvz/target/classes/assets/data/Zombits.json
11:23:15.456 [JavaFX Application Thread] DEBUG FXGLAssetLoaderServi - Loading JSON from: file:/E:/dev_java/demofxpvz/target/classes/assets/data/Zombits.json
11:23:16.463 [JavaFX Application Thread] DEBUG FXGLAssetLoaderServi - Loading JSON from: file:/E:/dev_java/demofxpvz/target/classes/assets/data/Zombits.json
11:23:17.472 [JavaFX Application Thread] DEBUG FXGLAssetLoaderServi - Loading JSON from: file:/E:/dev_java/demofxpvz/target/classes/assets/data/Zombits.json
11:23:18.495 [JavaFX Application Thread] DEBUG FXGLAssetLoaderServi - Loading JSON from: file:/E:/dev_java/demofxpvz/target/classes/assets/data/Zombits.json
11:23:19.504 [JavaFX Application Thread] DEBUG FXGLAssetLoaderServi - Loading JSON from: file:/E:/dev_java/demofxpvz/target/classes/assets/data/Zombits.json
11:23:20.527 [JavaFX Application Thread] DEBUG FXGLAssetLoaderServi - Loading JSON from: file:/E:/dev_java/demofxpvz/target/classes/assets/data/Zombits.json
11:23:21.540 [JavaFX Application Thread] DEBUG FXGLAssetLoaderServi - Loading JSON from: file:/E:/dev_java/demofxpvz/target/classes/assets/data/Zombits.json
11:23:22.559 [JavaFX Application Thread] DEBUG FXGLAssetLoaderServi - Loading JSON from: file:/E:/dev_java/demofxpvz/target/classes/assets/data/Zombits.json
11:23:23.568 [JavaFX Application Thread] DEBUG FXGLAssetLoaderServi - Loading from file system: file:/E:/dev_java/demofxpvz/target/classes/assets/textures/zombits/baozhi/baozhi%20(197).png
11:23:23.570 [JavaFX Application Thread] DEBUG FXGLAssetLoaderServi - Loading from file system: file:/E:/dev_java/demofxpvz/target/classes/assets/textures/zombits/baozhi/baozhi%20(198).png
11:23:23.571 [JavaFX Application Thread] DEBUG FXGLAssetLoaderServi - Loading from file system: file:/E:/dev_java/demofxpvz/target/classes/assets/textures/zombits/baozhi/baozhi%20(199).png
11:23:23.572 [JavaFX Application Thread] DEBUG FXGLAssetLoaderServi - Loading from file system: file:/E:/dev_java/demofxpvz/target/classes/assets/textures/zombits/baozhi/baozhi%20(200).png
11:23:23.573 [JavaFX Application Thread] DEBUG FXGLAssetLoaderServi - Loading from file system: file:/E:/dev_java/demofxpvz/target/classes/assets/textures/zombits/baozhi/baozhi%20(201).png
11:23:23.574 [JavaFX Application Thread] DEBUG FXGLAssetLoaderServi - Loading from file system: file:/E:/dev_java/demofxpvz/target/classes/assets/textures/zombits/baozhi/baozhi%20(202).png
11:23:23.576 [JavaFX Application Thread] DEBUG FXGLAssetLoaderServi - Loading from file system: file:/E:/dev_java/demofxpvz/target/classes/assets/textures/zombits/baozhi/baozhi%20(203).png
11:23:23.577 [JavaFX Application Thread] DEBUG FXGLAssetLoaderServi - Loading from file system: file:/E:/dev_java/demofxpvz/target/classes/assets/textures/zombits/baozhi/baozhi%20(204).png
11:23:23.579 [JavaFX Application Thread] DEBUG FXGLAssetLoaderServi - Loading from file system: file:/E:/dev_java/demofxpvz/target/classes/assets/textures/zombits/baozhi/baozhi%20(205).png
11:23:23.580 [JavaFX Application Thread] DEBUG FXGLAssetLoaderServi - Loading from file system: file:/E:/dev_java/demofxpvz/target/classes/assets/textures/zombits/baozhi/baozhi%20(206).png
11:23:23.582 [JavaFX Application Thread] DEBUG FXGLAssetLoaderServi - Loading from file system: file:/E:/dev_java/demofxpvz/target/classes/assets/textures/zombits/baozhi/baozhi%20(207).png
11:23:23.585 [JavaFX Application Thread] DEBUG FXGLAssetLoaderServi - Loading from file system: file:/E:/dev_java/demofxpvz/target/classes/assets/textures/zombits/baozhi/baozhi%20(208).png
11:23:23.586 [JavaFX Application Thread] DEBUG FXGLAssetLoaderServi - Loading from file system: file:/E:/dev_java/demofxpvz/target/classes/assets/textures/zombits/baozhi/baozhi%20(209).png
11:23:23.587 [JavaFX Application Thread] DEBUG FXGLAssetLoaderServi - Loading from file system: file:/E:/dev_java/demofxpvz/target/classes/assets/textures/zombits/baozhi/baozhi%20(210).png
11:23:23.588 [JavaFX Application Thread] DEBUG FXGLAssetLoaderServi - Loading from file system: file:/E:/dev_java/demofxpvz/target/classes/assets/textures/zombits/baozhi/baozhi%20(211).png
11:23:23.589 [JavaFX Application Thread] DEBUG FXGLAssetLoaderServi - Loading from file system: file:/E:/dev_java/demofxpvz/target/classes/assets/textures/zombits/baozhi/baozhi%20(212).png
11:23:23.591 [JavaFX Application Thread] DEBUG FXGLAssetLoaderServi - Loading from file system: file:/E:/dev_java/demofxpvz/target/classes/assets/textures/zombits/baozhi/baozhi%20(213).png
11:23:23.593 [JavaFX Application Thread] DEBUG FXGLAssetLoaderServi - Loading from file system: file:/E:/dev_java/demofxpvz/target/classes/assets/textures/zombits/baozhi/baozhi%20(214).png
11:23:23.593 [JavaFX Application Thread] DEBUG FXGLAssetLoaderServi - Loading from file system: file:/E:/dev_java/demofxpvz/target/classes/assets/textures/zombits/baozhi/baozhi%20(215).png
11:23:23.594 [JavaFX Application Thread] DEBUG FXGLAssetLoaderServi - Loading from file system: file:/E:/dev_java/demofxpvz/target/classes/assets/textures/zombits/baozhi/baozhi%20(216).png
11:23:23.595 [JavaFX Application Thread] DEBUG FXGLAssetLoaderServi - Loading from file system: file:/E:/dev_java/demofxpvz/target/classes/assets/textures/zombits/baozhi/baozhi%20(217).png
11:23:23.596 [JavaFX Application Thread] DEBUG FXGLAssetLoaderServi - Loading from file system: file:/E:/dev_java/demofxpvz/target/classes/assets/textures/zombits/baozhi/baozhi%20(218).png
11:23:23.598 [JavaFX Application Thread] DEBUG FXGLAssetLoaderServi - Loading from file system: file:/E:/dev_java/demofxpvz/target/classes/assets/textures/zombits/baozhi/baozhi%20(219).png
11:23:23.599 [JavaFX Application Thread] DEBUG FXGLAssetLoaderServi - Loading from file system: file:/E:/dev_java/demofxpvz/target/classes/assets/textures/zombits/baozhi/baozhi%20(220).png
11:23:23.600 [JavaFX Application Thread] DEBUG FXGLAssetLoaderServi - Loading from file system: file:/E:/dev_java/demofxpvz/target/classes/assets/textures/zombits/baozhi/baozhi%20(221).png
11:23:23.601 [JavaFX Application Thread] DEBUG FXGLAssetLoaderServi - Loading from file system: file:/E:/dev_java/demofxpvz/target/classes/assets/textures/zombits/baozhi/baozhi%20(222).png
11:23:23.602 [JavaFX Application Thread] DEBUG FXGLAssetLoaderServi - Loading from file system: file:/E:/dev_java/demofxpvz/target/classes/assets/textures/zombits/baozhi/baozhi%20(223).png
11:23:23.603 [JavaFX Application Thread] DEBUG FXGLAssetLoaderServi - Loading from file system: file:/E:/dev_java/demofxpvz/target/classes/assets/textures/zombits/baozhi/baozhi%20(224).png
11:23:23.604 [JavaFX Application Thread] DEBUG FXGLAssetLoaderServi - Loading from file system: file:/E:/dev_java/demofxpvz/target/classes/assets/textures/zombits/baozhi/baozhi%20(225).png
11:23:23.605 [JavaFX Application Thread] DEBUG FXGLAssetLoaderServi - Loading from file system: file:/E:/dev_java/demofxpvz/target/classes/assets/textures/zombits/baozhi/baozhi%20(226).png
11:23:23.606 [JavaFX Application Thread] DEBUG FXGLAssetLoaderServi - Loading from file system: file:/E:/dev_java/demofxpvz/target/classes/assets/textures/zombits/baozhi/baozhi%20(227).png
11:23:23.607 [JavaFX Application Thread] DEBUG FXGLAssetLoaderServi - Loading from file system: file:/E:/dev_java/demofxpvz/target/classes/assets/textures/zombits/baozhi/baozhi%20(228).png
11:23:23.608 [JavaFX Application Thread] DEBUG FXGLAssetLoaderServi - Loading from file system: file:/E:/dev_java/demofxpvz/target/classes/assets/textures/zombits/baozhi/baozhi%20(229).png
11:23:23.609 [JavaFX Application Thread] DEBUG FXGLAssetLoaderServi - Loading from file system: file:/E:/dev_java/demofxpvz/target/classes/assets/textures/zombits/baozhi/baozhi%20(230).png
11:23:23.610 [JavaFX Application Thread] DEBUG FXGLAssetLoaderServi - Loading from file system: file:/E:/dev_java/demofxpvz/target/classes/assets/textures/zombits/baozhi/baozhi%20(231).png
11:23:23.611 [JavaFX Application Thread] DEBUG FXGLAssetLoaderServi - Loading from file system: file:/E:/dev_java/demofxpvz/target/classes/assets/textures/zombits/baozhi/baozhi%20(232).png
11:23:23.612 [JavaFX Application Thread] DEBUG FXGLAssetLoaderServi - Loading from file system: file:/E:/dev_java/demofxpvz/target/classes/assets/textures/zombits/baozhi/baozhi%20(233).png
11:23:23.613 [JavaFX Application Thread] DEBUG FXGLAssetLoaderServi - Loading from file system: file:/E:/dev_java/demofxpvz/target/classes/assets/textures/zombits/baozhi/baozhi%20(234).png
11:23:23.614 [JavaFX Application Thread] DEBUG FXGLAssetLoaderServi - Loading from file system: file:/E:/dev_java/demofxpvz/target/classes/assets/textures/zombits/baozhi/baozhi%20(235).png
11:23:23.623 [JavaFX Application Thread] DEBUG FXGLAssetLoaderServi - Loading JSON from: file:/E:/dev_java/demofxpvz/target/classes/assets/data/Zombits.json
11:23:24.607 [JavaFX Application Thread] DEBUG FXGLAssetLoaderServi - Loading JSON from: file:/E:/dev_java/demofxpvz/target/classes/assets/data/Zombits.json
11:23:25.601 [JavaFX Application Thread] DEBUG FXGLAssetLoaderServi - Loading JSON from: file:/E:/dev_java/demofxpvz/target/classes/assets/data/Zombits.json
11:23:26.783 [JavaFX Application Thread] DEBUG FXGLAssetLoaderServi - Loading JSON from: file:/E:/dev_java/demofxpvz/target/classes/assets/data/Zombits.json
11:23:27.664 [JavaFX Application Thread] DEBUG FXGLAssetLoaderServi - Loading JSON from: file:/E:/dev_java/demofxpvz/target/classes/assets/data/Zombits.json
11:23:28.591 [JavaFX Application Thread] DEBUG FXGLAssetLoaderServi - Loading JSON from: file:/E:/dev_java/demofxpvz/target/classes/assets/data/Zombits.json
11:23:29.599 [JavaFX Application Thread] DEBUG FXGLAssetLoaderServi - Loading JSON from: file:/E:/dev_java/demofxpvz/target/classes/assets/data/Zombits.json
11:23:30.624 [JavaFX Application Thread] DEBUG FXGLAssetLoaderServi - Loading JSON from: file:/E:/dev_java/demofxpvz/target/classes/assets/data/Zombits.json
11:23:31.631 [JavaFX Application Thread] DEBUG FXGLAssetLoaderServi - Loading JSON from: file:/E:/dev_java/demofxpvz/target/classes/assets/data/Zombits.json
11:23:32.657 [JavaFX Application Thread] DEBUG FXGLAssetLoaderServi - Loading JSON from: file:/E:/dev_java/demofxpvz/target/classes/assets/data/Zombits.json
11:23:33.664 [JavaFX Application Thread] DEBUG FXGLAssetLoaderServi - Loading JSON from: file:/E:/dev_java/demofxpvz/target/classes/assets/data/Zombits.json
11:23:34.689 [JavaFX Application Thread] DEBUG FXGLAssetLoaderServi - Loading JSON from: file:/E:/dev_java/demofxpvz/target/classes/assets/data/Zombits.json
11:23:35.695 [JavaFX Application Thread] DEBUG FXGLAssetLoaderServi - Loading JSON from: file:/E:/dev_java/demofxpvz/target/classes/assets/data/Zombits.json
11:23:36.704 [JavaFX Application Thread] DEBUG FXGLAssetLoaderServi - Loading JSON from: file:/E:/dev_java/demofxpvz/target/classes/assets/data/Zombits.json
11:23:37.729 [JavaFX Application Thread] DEBUG FXGLAssetLoaderServi - Loading JSON from: file:/E:/dev_java/demofxpvz/target/classes/assets/data/Zombits.json
11:23:38.752 [JavaFX Application Thread] DEBUG FXGLAssetLoaderServi - Loading JSON from: file:/E:/dev_java/demofxpvz/target/classes/assets/data/Zombits.json
11:23:39.759 [JavaFX Application Thread] DEBUG FXGLAssetLoaderServi - Loading JSON from: file:/E:/dev_java/demofxpvz/target/classes/assets/data/Zombits.json
11:23:40.768 [JavaFX Application Thread] DEBUG FXGLAssetLoaderServi - Loading JSON from: file:/E:/dev_java/demofxpvz/target/classes/assets/data/Zombits.json
11:23:41.791 [JavaFX Application Thread] DEBUG FXGLAssetLoaderServi - Loading JSON from: file:/E:/dev_java/demofxpvz/target/classes/assets/data/Zombits.json
11:23:42.800 [JavaFX Application Thread] DEBUG FXGLAssetLoaderServi - Loading JSON from: file:/E:/dev_java/demofxpvz/target/classes/assets/data/Zombits.json
11:23:43.823 [JavaFX Application Thread] DEBUG FXGLAssetLoaderServi - Loading JSON from: file:/E:/dev_java/demofxpvz/target/classes/assets/data/Zombits.json
11:23:44.832 [JavaFX Application Thread] DEBUG FXGLAssetLoaderServi - Loading JSON from: file:/E:/dev_java/demofxpvz/target/classes/assets/data/Zombits.json
11:23:45.855 [JavaFX Application Thread] DEBUG FXGLAssetLoaderServi - Loading JSON from: file:/E:/dev_java/demofxpvz/target/classes/assets/data/Zombits.json
11:23:46.865 [JavaFX Application Thread] DEBUG FXGLAssetLoaderServi - Loading JSON from: file:/E:/dev_java/demofxpvz/target/classes/assets/data/Zombits.json
11:23:47.887 [JavaFX Application Thread] DEBUG FXGLAssetLoaderServi - Loading JSON from: file:/E:/dev_java/demofxpvz/target/classes/assets/data/Zombits.json
11:23:48.896 [JavaFX Application Thread] DEBUG FXGLAssetLoaderServi - Loading JSON from: file:/E:/dev_java/demofxpvz/target/classes/assets/data/Zombits.json
11:23:49.920 [JavaFX Application Thread] DEBUG FXGLAssetLoaderServi - Loading JSON from: file:/E:/dev_java/demofxpvz/target/classes/assets/data/Zombits.json
11:23:50.930 [JavaFX Application Thread] DEBUG FXGLAssetLoaderServi - Loading JSON from: file:/E:/dev_java/demofxpvz/target/classes/assets/data/Zombits.json
11:23:51.952 [JavaFX Application Thread] DEBUG FXGLAssetLoaderServi - Loading JSON from: file:/E:/dev_java/demofxpvz/target/classes/assets/data/Zombits.json
11:23:52.960 [JavaFX Application Thread] DEBUG FXGLAssetLoaderServi - Loading JSON from: file:/E:/dev_java/demofxpvz/target/classes/assets/data/Zombits.json
11:23:53.984 [JavaFX Application Thread] DEBUG FXGLAssetLoaderServi - Loading JSON from: file:/E:/dev_java/demofxpvz/target/classes/assets/data/Zombits.json
11:23:54.992 [JavaFX Application Thread] DEBUG FXGLAssetLoaderServi - Loading JSON from: file:/E:/dev_java/demofxpvz/target/classes/assets/data/Zombits.json
11:23:56.015 [JavaFX Application Thread] DEBUG FXGLAssetLoaderServi - Loading JSON from: file:/E:/dev_java/demofxpvz/target/classes/assets/data/Zombits.json
11:23:57.024 [JavaFX Application Thread] DEBUG FXGLAssetLoaderServi - Loading JSON from: file:/E:/dev_java/demofxpvz/target/classes/assets/data/Zombits.json
11:23:58.047 [JavaFX Application Thread] DEBUG FXGLAssetLoaderServi - Loading JSON from: file:/E:/dev_java/demofxpvz/target/classes/assets/data/Zombits.json
11:23:59.057 [JavaFX Application Thread] DEBUG FXGLAssetLoaderServi - Loading JSON from: file:/E:/dev_java/demofxpvz/target/classes/assets/data/Zombits.json
11:24:00.080 [JavaFX Application Thread] DEBUG FXGLAssetLoaderServi - Loading JSON from: file:/E:/dev_java/demofxpvz/target/classes/assets/data/Zombits.json
11:24:01.087 [JavaFX Application Thread] DEBUG FXGLAssetLoaderServi - Loading JSON from: file:/E:/dev_java/demofxpvz/target/classes/assets/data/Zombits.json
11:24:02.112 [JavaFX Application Thread] DEBUG FXGLAssetLoaderServi - Loading JSON from: file:/E:/dev_java/demofxpvz/target/classes/assets/data/Zombits.json
11:24:03.120 [JavaFX Application Thread] DEBUG FXGLAssetLoaderServi - Loading JSON from: file:/E:/dev_java/demofxpvz/target/classes/assets/data/Zombits.json
11:24:04.143 [JavaFX Application Thread] DEBUG FXGLAssetLoaderServi - Loading JSON from: file:/E:/dev_java/demofxpvz/target/classes/assets/data/Zombits.json
11:24:05.152 [JavaFX Application Thread] DEBUG FXGLAssetLoaderServi - Loading JSON from: file:/E:/dev_java/demofxpvz/target/classes/assets/data/Zombits.json
11:24:06.176 [JavaFX Application Thread] DEBUG FXGLAssetLoaderServi - Loading JSON from: file:/E:/dev_java/demofxpvz/target/classes/assets/data/Zombits.json
11:24:07.184 [JavaFX Application Thread] DEBUG FXGLAssetLoaderServi - Loading JSON from: file:/E:/dev_java/demofxpvz/target/classes/assets/data/Zombits.json
11:24:08.208 [JavaFX Application Thread] DEBUG FXGLAssetLoaderServi - Loading JSON from: file:/E:/dev_java/demofxpvz/target/classes/assets/data/Zombits.json
11:24:09.216 [JavaFX Application Thread] DEBUG FXGLAssetLoaderServi - Loading JSON from: file:/E:/dev_java/demofxpvz/target/classes/assets/data/Zombits.json
11:24:10.241 [JavaFX Application Thread] DEBUG FXGLAssetLoaderServi - Loading JSON from: file:/E:/dev_java/demofxpvz/target/classes/assets/data/Zombits.json
11:24:11.247 [JavaFX Application Thread] DEBUG FXGLAssetLoaderServi - Loading JSON from: file:/E:/dev_java/demofxpvz/target/classes/assets/data/Zombits.json
11:24:12.272 [JavaFX Application Thread] DEBUG FXGLAssetLoaderServi - Loading JSON from: file:/E:/dev_java/demofxpvz/target/classes/assets/data/Zombits.json
11:24:13.279 [JavaFX Application Thread] DEBUG FXGLAssetLoaderServi - Loading JSON from: file:/E:/dev_java/demofxpvz/target/classes/assets/data/Zombits.json
11:24:14.288 [JavaFX Application Thread] DEBUG FXGLAssetLoaderServi - Loading JSON from: file:/E:/dev_java/demofxpvz/target/classes/assets/data/Zombits.json
11:24:15.312 [JavaFX Application Thread] DEBUG FXGLAssetLoaderServi - Loading JSON from: file:/E:/dev_java/demofxpvz/target/classes/assets/data/Zombits.json
11:24:16.321 [JavaFX Application Thread] DEBUG FXGLAssetLoaderServi - Loading JSON from: file:/E:/dev_java/demofxpvz/target/classes/assets/data/Zombits.json
11:24:17.345 [JavaFX Application Thread] DEBUG FXGLAssetLoaderServi - Loading JSON from: file:/E:/dev_java/demofxpvz/target/classes/assets/data/Zombits.json
11:24:18.352 [JavaFX Application Thread] DEBUG FXGLAssetLoaderServi - Loading JSON from: file:/E:/dev_java/demofxpvz/target/classes/assets/data/Zombits.json
11:24:19.376 [JavaFX Application Thread] DEBUG FXGLAssetLoaderServi - Loading JSON from: file:/E:/dev_java/demofxpvz/target/classes/assets/data/Zombits.json
11:24:20.384 [JavaFX Application Thread] DEBUG FXGLAssetLoaderServi - Loading JSON from: file:/E:/dev_java/demofxpvz/target/classes/assets/data/Zombits.json
11:24:21.409 [JavaFX Application Thread] DEBUG FXGLAssetLoaderServi - Loading JSON from: file:/E:/dev_java/demofxpvz/target/classes/assets/data/Zombits.json
11:24:22.418 [JavaFX Application Thread] DEBUG FXGLAssetLoaderServi - Loading JSON from: file:/E:/dev_java/demofxpvz/target/classes/assets/data/Zombits.json
11:24:23.440 [JavaFX Application Thread] DEBUG FXGLAssetLoaderServi - Loading JSON from: file:/E:/dev_java/demofxpvz/target/classes/assets/data/Zombits.json
11:24:24.671 [JavaFX Application Thread] DEBUG FXGLAssetLoaderServi - Loading JSON from: file:/E:/dev_java/demofxpvz/target/classes/assets/data/Zombits.json
11:24:25.551 [JavaFX Application Thread] DEBUG FXGLAssetLoaderServi - Loading JSON from: file:/E:/dev_java/demofxpvz/target/classes/assets/data/Zombits.json
11:24:26.655 [JavaFX Application Thread] DEBUG FXGLAssetLoaderServi - Loading JSON from: file:/E:/dev_java/demofxpvz/target/classes/assets/data/Zombits.json
11:24:27.744 [JavaFX Application Thread] DEBUG FXGLAssetLoaderServi - Loading JSON from: file:/E:/dev_java/demofxpvz/target/classes/assets/data/Zombits.json
11:24:28.881 [JavaFX Application Thread] DEBUG FXGLAssetLoaderServi - Loading JSON from: file:/E:/dev_java/demofxpvz/target/classes/assets/data/Zombits.json
11:24:29.795 [JavaFX Application Thread] DEBUG FXGLAssetLoaderServi - Loading JSON from: file:/E:/dev_java/demofxpvz/target/classes/assets/data/Zombits.json
11:24:30.865 [JavaFX Application Thread] DEBUG FXGLAssetLoaderServi - Loading JSON from: file:/E:/dev_java/demofxpvz/target/classes/assets/data/Zombits.json
11:24:31.859 [JavaFX Application Thread] DEBUG FXGLAssetLoaderServi - Loading JSON from: file:/E:/dev_java/demofxpvz/target/classes/assets/data/Zombits.json
11:24:32.881 [JavaFX Application Thread] DEBUG FXGLAssetLoaderServi - Loading JSON from: file:/E:/dev_java/demofxpvz/target/classes/assets/data/Zombits.json
11:24:33.788 [JavaFX Application Thread] DEBUG FXGLAssetLoaderServi - Loading JSON from: file:/E:/dev_java/demofxpvz/target/classes/assets/data/Zombits.json
11:24:34.847 [JavaFX Application Thread] DEBUG FXGLAssetLoaderServi - Loading JSON from: file:/E:/dev_java/demofxpvz/target/classes/assets/data/Zombits.json
11:24:35.873 [JavaFX Application Thread] DEBUG FXGLAssetLoaderServi - Loading JSON from: file:/E:/dev_java/demofxpvz/target/classes/assets/data/Zombits.json
11:24:36.895 [JavaFX Application Thread] DEBUG FXGLAssetLoaderServi - Loading JSON from: file:/E:/dev_java/demofxpvz/target/classes/assets/data/Zombits.json
11:24:37.888 [JavaFX Application Thread] DEBUG FXGLAssetLoaderServi - Loading JSON from: file:/E:/dev_java/demofxpvz/target/classes/assets/data/Zombits.json
11:24:38.944 [JavaFX Application Thread] DEBUG FXGLAssetLoaderServi - Loading JSON from: file:/E:/dev_java/demofxpvz/target/classes/assets/data/Zombits.json
11:24:40.065 [JavaFX Application Thread] DEBUG FXGLAssetLoaderServi - Loading JSON from: file:/E:/dev_java/demofxpvz/target/classes/assets/data/Zombits.json
11:24:42.960 [JavaFX Application Thread] DEBUG FXGLAssetLoaderServi - Loading JSON from: file:/E:/dev_java/demofxpvz/target/classes/assets/data/Zombits.json
11:24:44.624 [JavaFX Application Thread] DEBUG FXGLAssetLoaderServi - Loading JSON from: file:/E:/dev_java/demofxpvz/target/classes/assets/data/Zombits.json
11:24:47.137 [JavaFX Application Thread] DEBUG FXGLAssetLoaderServi - Loading JSON from: file:/E:/dev_java/demofxpvz/target/classes/assets/data/Zombits.json
11:24:48.163 [JavaFX Application Thread] DEBUG FXGLAssetLoaderServi - Loading JSON from: file:/E:/dev_java/demofxpvz/target/classes/assets/data/Zombits.json
11:24:49.874 [JavaFX Application Thread] DEBUG FXGLAssetLoaderServi - Loading JSON from: file:/E:/dev_java/demofxpvz/target/classes/assets/data/Zombits.json
11:24:50.497 [JavaFX Application Thread] DEBUG FXGLAssetLoaderServi - Loading from file system: file:/E:/dev_java/demofxpvz/target/classes/assets/sounds/eat1.wav
11:24:51.953 [JavaFX Application Thread] DEBUG FXGLAssetLoaderServi - Loading JSON from: file:/E:/dev_java/demofxpvz/target/classes/assets/data/Zombits.json
11:24:53.009 [JavaFX Application Thread] DEBUG FXGLAssetLoaderServi - Loading JSON from: file:/E:/dev_java/demofxpvz/target/classes/assets/data/Zombits.json
11:24:54.785 [JavaFX Application Thread] DEBUG FXGLAssetLoaderServi - Loading JSON from: file:/E:/dev_java/demofxpvz/target/classes/assets/data/Zombits.json
11:24:55.745 [JavaFX Application Thread] DEBUG FXGLAssetLoaderServi - Loading JSON from: file:/E:/dev_java/demofxpvz/target/classes/assets/data/Zombits.json
11:24:58.528 [JavaFX Application Thread] DEBUG FXGLAssetLoaderServi - Loading JSON from: file:/E:/dev_java/demofxpvz/target/classes/assets/data/Zombits.json
11:24:59.539 [JavaFX Application Thread] DEBUG FXGLAssetLoaderServi - Loading JSON from: file:/E:/dev_java/demofxpvz/target/classes/assets/data/Zombits.json
11:25:00.543 [JavaFX Application Thread] DEBUG FXGLAssetLoaderServi - Loading JSON from: file:/E:/dev_java/demofxpvz/target/classes/assets/data/Zombits.json
11:25:01.553 [JavaFX Application Thread] DEBUG FXGLAssetLoaderServi - Loading JSON from: file:/E:/dev_java/demofxpvz/target/classes/assets/data/Zombits.json
11:25:02.591 [JavaFX Application Thread] DEBUG FXGLAssetLoaderServi - Loading JSON from: file:/E:/dev_java/demofxpvz/target/classes/assets/data/Zombits.json
11:25:03.683 [JavaFX Application Thread] DEBUG FXGLAssetLoaderServi - Loading JSON from: file:/E:/dev_java/demofxpvz/target/classes/assets/data/Zombits.json
11:25:04.752 [JavaFX Application Thread] DEBUG FXGLAssetLoaderServi - Loading JSON from: file:/E:/dev_java/demofxpvz/target/classes/assets/data/Zombits.json
11:25:05.969 [JavaFX Application Thread] DEBUG FXGLAssetLoaderServi - Loading JSON from: file:/E:/dev_java/demofxpvz/target/classes/assets/data/Zombits.json
11:25:06.928 [JavaFX Application Thread] DEBUG FXGLAssetLoaderServi - Loading JSON from: file:/E:/dev_java/demofxpvz/target/classes/assets/data/Zombits.json
11:25:08.144 [JavaFX Application Thread] DEBUG FXGLAssetLoaderServi - Loading JSON from: file:/E:/dev_java/demofxpvz/target/classes/assets/data/Zombits.json
11:25:09.120 [JavaFX Application Thread] DEBUG FXGLAssetLoaderServi - Loading JSON from: file:/E:/dev_java/demofxpvz/target/classes/assets/data/Zombits.json
11:25:10.034 [JavaFX Application Thread] DEBUG FXGLAssetLoaderServi - Loading JSON from: file:/E:/dev_java/demofxpvz/target/classes/assets/data/Zombits.json
11:25:11.215 [JavaFX Application Thread] DEBUG FXGLAssetLoaderServi - Loading JSON from: file:/E:/dev_java/demofxpvz/target/classes/assets/data/Zombits.json
11:25:12.096 [JavaFX Application Thread] DEBUG FXGLAssetLoaderServi - Loading JSON from: file:/E:/dev_java/demofxpvz/target/classes/assets/data/Zombits.json
11:25:12.977 [JavaFX Application Thread] DEBUG FXGLAssetLoaderServi - Loading JSON from: file:/E:/dev_java/demofxpvz/target/classes/assets/data/Zombits.json
11:25:14.243 [JavaFX Application Thread] DEBUG FXGLAssetLoaderServi - Loading JSON from: file:/E:/dev_java/demofxpvz/target/classes/assets/data/Zombits.json
11:25:15.231 [JavaFX Application Thread] DEBUG FXGLAssetLoaderServi - Loading JSON from: file:/E:/dev_java/demofxpvz/target/classes/assets/data/Zombits.json
11:25:16.496 [JavaFX Application Thread] DEBUG FXGLAssetLoaderServi - Loading JSON from: file:/E:/dev_java/demofxpvz/target/classes/assets/data/Zombits.json
11:25:17.506 [JavaFX Application Thread] DEBUG FXGLAssetLoaderServi - Loading JSON from: file:/E:/dev_java/demofxpvz/target/classes/assets/data/Zombits.json
11:25:18.657 [JavaFX Application Thread] DEBUG FXGLAssetLoaderServi - Loading JSON from: file:/E:/dev_java/demofxpvz/target/classes/assets/data/Zombits.json
11:25:19.504 [JavaFX Application Thread] DEBUG FXGLAssetLoaderServi - Loading JSON from: file:/E:/dev_java/demofxpvz/target/classes/assets/data/Zombits.json
11:25:20.640 [JavaFX Application Thread] DEBUG FXGLAssetLoaderServi - Loading JSON from: file:/E:/dev_java/demofxpvz/target/classes/assets/data/Zombits.json
11:25:21.488 [JavaFX Application Thread] DEBUG FXGLAssetLoaderServi - Loading JSON from: file:/E:/dev_java/demofxpvz/target/classes/assets/data/Zombits.json
11:25:22.624 [JavaFX Application Thread] DEBUG FXGLAssetLoaderServi - Loading JSON from: file:/E:/dev_java/demofxpvz/target/classes/assets/data/Zombits.json
11:25:23.505 [JavaFX Application Thread] DEBUG FXGLAssetLoaderServi - Loading JSON from: file:/E:/dev_java/demofxpvz/target/classes/assets/data/Zombits.json
11:25:24.657 [JavaFX Application Thread] DEBUG FXGLAssetLoaderServi - Loading JSON from: file:/E:/dev_java/demofxpvz/target/classes/assets/data/Zombits.json
11:25:25.779 [JavaFX Application Thread] DEBUG FXGLAssetLoaderServi - Loading JSON from: file:/E:/dev_java/demofxpvz/target/classes/assets/data/Zombits.json
11:25:26.656 [JavaFX Application Thread] DEBUG FXGLAssetLoaderServi - Loading JSON from: file:/E:/dev_java/demofxpvz/target/classes/assets/data/Zombits.json
11:25:27.810 [JavaFX Application Thread] DEBUG FXGLAssetLoaderServi - Loading JSON from: file:/E:/dev_java/demofxpvz/target/classes/assets/data/Zombits.json
11:25:28.962 [JavaFX Application Thread] DEBUG FXGLAssetLoaderServi - Loading JSON from: file:/E:/dev_java/demofxpvz/target/classes/assets/data/Zombits.json
11:25:30.098 [JavaFX Application Thread] DEBUG FXGLAssetLoaderServi - Loading JSON from: file:/E:/dev_java/demofxpvz/target/classes/assets/data/Zombits.json
11:25:31.200 [JavaFX Application Thread] DEBUG FXGLAssetLoaderServi - Loading JSON from: file:/E:/dev_java/demofxpvz/target/classes/assets/data/Zombits.json
11:25:32.321 [JavaFX Application Thread] DEBUG FXGLAssetLoaderServi - Loading JSON from: file:/E:/dev_java/demofxpvz/target/classes/assets/data/Zombits.json
11:25:33.250 [JavaFX Application Thread] DEBUG FXGLAssetLoaderServi - Loading JSON from: file:/E:/dev_java/demofxpvz/target/classes/assets/data/Zombits.json
11:25:34.209 [JavaFX Application Thread] DEBUG FXGLAssetLoaderServi - Loading JSON from: file:/E:/dev_java/demofxpvz/target/classes/assets/data/Zombits.json
11:25:35.394 [JavaFX Application Thread] DEBUG FXGLAssetLoaderServi - Loading JSON from: file:/E:/dev_java/demofxpvz/target/classes/assets/data/Zombits.json
11:25:36.689 [JavaFX Application Thread] DEBUG FXGLAssetLoaderServi - Loading JSON from: file:/E:/dev_java/demofxpvz/target/classes/assets/data/Zombits.json
11:25:37.729 [JavaFX Application Thread] DEBUG FXGLAssetLoaderServi - Loading JSON from: file:/E:/dev_java/demofxpvz/target/classes/assets/data/Zombits.json
11:25:38.769 [JavaFX Application Thread] DEBUG FXGLAssetLoaderServi - Loading JSON from: file:/E:/dev_java/demofxpvz/target/classes/assets/data/Zombits.json
11:25:39.794 [JavaFX Application Thread] DEBUG FXGLAssetLoaderServi - Loading JSON from: file:/E:/dev_java/demofxpvz/target/classes/assets/data/Zombits.json
11:25:40.837 [JavaFX Application Thread] DEBUG FXGLAssetLoaderServi - Loading JSON from: file:/E:/dev_java/demofxpvz/target/classes/assets/data/Zombits.json
11:25:42.144 [JavaFX Application Thread] DEBUG FXGLAssetLoaderServi - Loading JSON from: file:/E:/dev_java/demofxpvz/target/classes/assets/data/Zombits.json
11:25:43.171 [JavaFX Application Thread] DEBUG FXGLAssetLoaderServi - Loading JSON from: file:/E:/dev_java/demofxpvz/target/classes/assets/data/Zombits.json
11:25:44.370 [JavaFX Application Thread] DEBUG FXGLAssetLoaderServi - Loading JSON from: file:/E:/dev_java/demofxpvz/target/classes/assets/data/Zombits.json
11:25:45.506 [JavaFX Application Thread] DEBUG FXGLAssetLoaderServi - Loading JSON from: file:/E:/dev_java/demofxpvz/target/classes/assets/data/Zombits.json
11:25:46.679 [JavaFX Application Thread] DEBUG FXGLAssetLoaderServi - Loading JSON from: file:/E:/dev_java/demofxpvz/target/classes/assets/data/Zombits.json
11:25:47.764 [JavaFX Application Thread] DEBUG FXGLAssetLoaderServi - Loading JSON from: file:/E:/dev_java/demofxpvz/target/classes/assets/data/Zombits.json
11:25:49.060 [JavaFX Application Thread] DEBUG FXGLAssetLoaderServi - Loading JSON from: file:/E:/dev_java/demofxpvz/target/classes/assets/data/Zombits.json
11:25:50.049 [JavaFX Application Thread] DEBUG FXGLAssetLoaderServi - Loading JSON from: file:/E:/dev_java/demofxpvz/target/classes/assets/data/Zombits.json
11:25:51.346 [JavaFX Application Thread] DEBUG FXGLAssetLoaderServi - Loading JSON from: file:/E:/dev_java/demofxpvz/target/classes/assets/data/Zombits.json
11:25:52.644 [JavaFX Application Thread] DEBUG FXGLAssetLoaderServi - Loading JSON from: file:/E:/dev_java/demofxpvz/target/classes/assets/data/Zombits.json
11:25:53.922 [JavaFX Application Thread] DEBUG FXGLAssetLoaderServi - Loading JSON from: file:/E:/dev_java/demofxpvz/target/classes/assets/data/Zombits.json
11:25:55.217 [JavaFX Application Thread] DEBUG FXGLAssetLoaderServi - Loading JSON from: file:/E:/dev_java/demofxpvz/target/classes/assets/data/Zombits.json
11:25:56.145 [JavaFX Application Thread] DEBUG FXGLAssetLoaderServi - Loading JSON from: file:/E:/dev_java/demofxpvz/target/classes/assets/data/Zombits.json
11:25:57.398 [JavaFX Application Thread] DEBUG FXGLAssetLoaderServi - Loading JSON from: file:/E:/dev_java/demofxpvz/target/classes/assets/data/Zombits.json
11:25:58.676 [JavaFX Application Thread] DEBUG FXGLAssetLoaderServi - Loading JSON from: file:/E:/dev_java/demofxpvz/target/classes/assets/data/Zombits.json
11:25:59.922 [JavaFX Application Thread] DEBUG FXGLAssetLoaderServi - Loading JSON from: file:/E:/dev_java/demofxpvz/target/classes/assets/data/Zombits.json
11:26:01.205 [JavaFX Application Thread] DEBUG FXGLAssetLoaderServi - Loading JSON from: file:/E:/dev_java/demofxpvz/target/classes/assets/data/Zombits.json
11:26:02.436 [JavaFX Application Thread] DEBUG FXGLAssetLoaderServi - Loading JSON from: file:/E:/dev_java/demofxpvz/target/classes/assets/data/Zombits.json
11:26:03.717 [JavaFX Application Thread] DEBUG FXGLAssetLoaderServi - Loading JSON from: file:/E:/dev_java/demofxpvz/target/classes/assets/data/Zombits.json
11:26:04.964 [JavaFX Application Thread] DEBUG FXGLAssetLoaderServi - Loading JSON from: file:/E:/dev_java/demofxpvz/target/classes/assets/data/Zombits.json
11:26:06.593 [JavaFX Application Thread] DEBUG FXGLAssetLoaderServi - Loading JSON from: file:/E:/dev_java/demofxpvz/target/classes/assets/data/Zombits.json
11:26:07.798 [JavaFX Application Thread] DEBUG FXGLAssetLoaderServi - Loading JSON from: file:/E:/dev_java/demofxpvz/target/classes/assets/data/Zombits.json
11:26:09.891 [JavaFX Application Thread] DEBUG FXGLAssetLoaderServi - Loading JSON from: file:/E:/dev_java/demofxpvz/target/classes/assets/data/Zombits.json
11:26:11.221 [JavaFX Application Thread] DEBUG FXGLAssetLoaderServi - Loading JSON from: file:/E:/dev_java/demofxpvz/target/classes/assets/data/Zombits.json
11:26:12.393 [JavaFX Application Thread] DEBUG FXGLAssetLoaderServi - Loading JSON from: file:/E:/dev_java/demofxpvz/target/classes/assets/data/Zombits.json
11:26:13.588 [JavaFX Application Thread] DEBUG FXGLAssetLoaderServi - Loading JSON from: file:/E:/dev_java/demofxpvz/target/classes/assets/data/Zombits.json
11:26:14.836 [JavaFX Application Thread] DEBUG FXGLAssetLoaderServi - Loading JSON from: file:/E:/dev_java/demofxpvz/target/classes/assets/data/Zombits.json
11:26:16.191 [JavaFX Application Thread] DEBUG FXGLAssetLoaderServi - Loading JSON from: file:/E:/dev_java/demofxpvz/target/classes/assets/data/Zombits.json
11:26:17.490 [JavaFX Application Thread] DEBUG FXGLApplication      - Exiting FXGL
11:26:17.491 [JavaFX Application Thread] DEBUG LoopRunner           - Stopping loop
11:26:17.491 [JavaFX Application Thread] DEBUG SystemBundleService  - Saving FXGL system data
11:26:17.492 [JavaFX Application Thread] DEBUG FileSystemAccess     - Writing to: E:\dev_java\demofxpvz\system\fxgl.bundle
11:26:17.494 [JavaFX Application Thread] DEBUG Async                - Shutting down background threads
11:26:17.494 [JavaFX Application Thread] DEBUG PrimaryStageWindow   - Closing main window
11:26:17.595 [JavaFX Application Thread] DEBUG Logger               - Closing Logger
