09:59:01.799 [main                     ] DEBUG Logger               - Configured Logger
09:59:01.843 [main                     ] DEBUG GameApplication      - Logging settings
Title: PlantVsZombit
Version: 0.0
Width: 1400
Height: 600
Fullscreen: false
Intro: false
Profiling: false
Single step:false
App Mode: DEVELOPER
Menu Key: ESCAPE
Stage Style: DECORATED
Scene Factory: class com.almasb.fxgl.app.scene.SceneFactory

09:59:02.194 [JavaFX Application Thread] DEBUG FXGLApplication      - Initializing FXGL
09:59:02.200 [JavaFX Application Thread] INFO  Engine               - FXGL-17 (31.12.2021 18.16) on WINDOWS (J:17.0.12 FX:17.0.6)
09:59:02.200 [JavaFX Application Thread] DEBUG Engine               - JRE Vendor Name: Oracle Corporation
09:59:02.201 [JavaFX Application Thread] DEBUG Engine               - Running on OS: Windows 10 version 10.0
09:59:02.202 [JavaFX Application Thread] DEBUG Engine               - Architecture: amd64
09:59:02.202 [JavaFX Application Thread] INFO  Engine               - Source code and latest versions at: https://github.com/AlmasB/FXGL
09:59:02.202 [JavaFX Application Thread] INFO  Engine               -       Ask questions and discuss at: https://github.com/AlmasB/FXGL/discussions
09:59:02.202 [JavaFX Application Thread] INFO  Engine               -              Join the FXGL chat at: https://gitter.im/AlmasB/FXGL
09:59:02.303 [JavaFX Application Thread] DEBUG PrimaryStageWindow   - Creating a JavaFX scene
09:59:02.373 [JavaFX Application Thread] DEBUG PrimaryStageWindow   - Target settings size: 1400.0 x 600.0
09:59:02.375 [JavaFX Application Thread] DEBUG PrimaryStageWindow   - Scaled scene size:    1400.0 x 600.0
09:59:02.375 [JavaFX Application Thread] DEBUG PrimaryStageWindow   - Scaled ratio: (1.0, 1.0)
09:59:02.377 [JavaFX Application Thread] DEBUG PrimaryStageWindow   - Set initial scene to FXGLStartupScene
09:59:02.387 [JavaFX Application Thread] DEBUG PrimaryStageWindow   - Opening main window
09:59:02.486 [JavaFX Application Thread] DEBUG PrimaryStageWindow   - Window border size: (14.4000244140625, 37.5999755859375)
09:59:02.486 [JavaFX Application Thread] DEBUG PrimaryStageWindow   - Scaled size: 1400.0 x 600.0
09:59:02.486 [JavaFX Application Thread] DEBUG PrimaryStageWindow   - Scaled ratio: (1.0, 1.0)
09:59:02.487 [JavaFX Application Thread] DEBUG PrimaryStageWindow   - Scene size: 1400.0 x 600.0
09:59:02.488 [JavaFX Application Thread] DEBUG PrimaryStageWindow   - Stage size: 1414.4000244140625 x 637.5999755859375
09:59:02.502 [FXGL Background Thread 1 ] DEBUG Engine               - Initializing environment variables
09:59:02.561 [FXGL Background Thread 1 ] DEBUG FXGLAssetLoaderServi - User app class for loading assets: class com.pvz.Main
09:59:02.561 [FXGL Background Thread 1 ] DEBUG GameApplicationServi - Applying CSS: fxgl_dark.css
09:59:02.563 [FXGL Background Thread 1 ] DEBUG FXGLAssetLoaderServi - Loading from file system: jar:file:///C:/Users/dch/.m2/repository/com/github/almasb/fxgl/17/fxgl-17.jar!/fxglassets/ui/css/fxgl_dark.css
09:59:02.647 [FXGL Background Thread 1 ] DEBUG GameApplicationServi - Initializing application scenes
09:59:02.811 [FXGL Background Thread 1 ] DEBUG GameWorld            - Game world initialized
09:59:02.869 [FXGL Background Thread 1 ] DEBUG PhysicsWorld         - Physics world initialized: appHeight=600, physics.ppm=50.0
09:59:02.869 [FXGL Background Thread 1 ] DEBUG PhysicsWorld         - Using strategy: BRUTE_FORCE
09:59:02.874 [FXGL Background Thread 1 ] DEBUG GameScene            - Game scene initialized: 1400x600
09:59:02.889 [FXGL Background Thread 1 ] DEBUG FXGL.DefaultMenu     - createMenuBodyGameMenu()
09:59:02.905 [FXGL Background Thread 1 ] DEBUG FXGL.DefaultMenu     - createOptionsMenu()
09:59:02.918 [FXGL Background Thread 1 ] DEBUG FXGLAssetLoaderServi - Loading from file system: jar:file:///C:/Users/dch/.m2/repository/com/github/almasb/fxgl/17/fxgl-17.jar!/fxglassets/textures/particles/smoke.png
09:59:03.027 [FXGL Background Thread 1 ] DEBUG FXGLAssetLoaderServi - Loading from file system: jar:file:///C:/Users/dch/.m2/repository/com/github/almasb/fxgl/17/fxgl-17.jar!/fxglassets/textures/particles/trace_horizontal.png
09:59:03.062 [FXGL Background Thread 1 ] DEBUG GameApplicationServi - Application scenes initialized
09:59:03.077 [FXGL Background Thread 1 ] DEBUG SystemBundleService  - Loading FXGL system data
09:59:03.083 [FXGL Background Thread 1 ] DEBUG FileSystemAccess     - Reading from: E:\dev_java\demofxpvz\system\fxgl.bundle
09:59:03.092 [FXGL Background Thread 1 ] DEBUG SystemBundleService  - Bundle FXGL: {}
09:59:03.092 [FXGL Background Thread 1 ] DEBUG UpdaterService       - Checking for updates
09:59:03.098 [FXGL Background Thread 4 ] DEBUG FXGLApplication      - Loading fonts
09:59:03.098 [FXGL Background Thread 1 ] DEBUG FXGLApplication      - Loading default localization
09:59:03.099 [FXGL Background Thread 1 ] DEBUG FXGLAssetLoaderServi - Loading from file system: jar:file:///C:/Users/dch/.m2/repository/com/github/almasb/fxgl/17/fxgl-17.jar!/fxglassets/languages/english.lang
09:59:03.100 [FXGL Background Thread 4 ] DEBUG FXGLAssetLoaderServi - Loading from file system: jar:file:///C:/Users/dch/.m2/repository/com/github/almasb/fxgl/17/fxgl-17.jar!/fxglassets/ui/fonts/VarelaRound-Regular.ttf
09:59:03.119 [FXGL Background Thread 1 ] INFO  FXGLApplication      - FXGL initialization took: 0.617 sec
09:59:03.126 [JavaFX Application Thread] DEBUG Input                - Registered new binding: 鼠标左键选中 - LMB
09:59:03.127 [JavaFX Application Thread] DEBUG FXGLAssetLoaderServi - Loading from file system: jar:file:///C:/Users/dch/.m2/repository/com/github/almasb/fxgl/17/fxgl-17.jar!/fxglassets/textures/fxgl_icon.png
09:59:03.144 [JavaFX Application Thread] DEBUG FXGLAssetLoaderServi - Loading from file system: jar:file:///C:/Users/dch/.m2/repository/com/github/almasb/fxgl/17/fxgl-17.jar!/fxglassets/textures/fxgl_default_cursor.png
09:59:03.153 [JavaFX Application Thread] DEBUG Input                - Registered new binding: Screenshot - CTRL+8
09:59:03.154 [JavaFX Application Thread] DEBUG Input                - Registered new binding: System info dump - CTRL+9
09:59:03.154 [JavaFX Application Thread] DEBUG Input                - Registered new binding: Restart - CTRL+R
09:59:03.155 [JavaFX Application Thread] DEBUG Input                - Registered new binding: Toggle Debug Camera - CTRL+7
09:59:03.158 [JavaFX Application Thread] DEBUG LoopRunner           - Starting loop
09:59:03.159 [JavaFX Application Thread] DEBUG LoopRunner           - Initializing JavaFX AnimationTimerLoop
09:59:03.160 [JavaFX Application Thread] DEBUG GameApplicationServi - Starting new game
09:59:03.160 [JavaFX Application Thread] DEBUG Input                - Clearing active input actions
09:59:03.172 [JavaFX Application Thread] DEBUG GameApplicationServi - Removing overlay from FXGLStartupScene and adding to FXGLLoadingScene
09:59:03.173 [JavaFX Application Thread] DEBUG PrimaryStageWindow   - FXGLStartupScene -> FXGLLoadingScene
09:59:03.173 [JavaFX Application Thread] DEBUG GameApplicationServi - Clearing previous game
09:59:03.173 [JavaFX Application Thread] DEBUG GameScene            - Clearing game scene
09:59:03.173 [JavaFX Application Thread] DEBUG GameWorld            - Clearing game world
09:59:03.173 [JavaFX Application Thread] DEBUG PhysicsWorld         - Clearing physics world
09:59:03.222 [FXGL Background Thread 1 ] DEBUG FXGLApplication      - Initializing game
09:59:03.231 [FXGL Background Thread 1 ] WARN  FXGLAssetLoaderServi - Asset "/assets/music/Laura Shigihara - Zombies On Your Lawn.mp3" was not found!
09:59:03.231 [FXGL Background Thread 1 ] WARN  FXGLAssetLoaderServi - Failed to load MUSIC
09:59:03.234 [FXGL Background Thread 1 ] DEBUG AudioPlayer          - Playing music com.almasb.fxgl.audio.Music@8e0f595
09:59:03.244 [FXGL Background Thread 1 ] WARN  FXGLAssetLoaderServi - Asset "/assets/data/Garden.json" was not found!
09:59:03.244 [FXGL Background Thread 1 ] WARN  FXGLAssetLoaderServi - Failed to load JSON: URL is not valid
09:59:03.256 [JavaFX Application Thread] DEBUG LoopRunner           - Stopping loop
09:59:03.257 [JavaFX Application Thread] FATAL FXGLApplication      - Uncaught Exception:
java.lang.RuntimeException: Initialization failed
	at com.almasb.fxgl.all@17/com.almasb.fxgl.app.FXGLApplication$InitAppTask.failed(FXGLApplication.kt:343)
	at javafx.graphics/javafx.concurrent.Task.setState(Task.java:710)
	at javafx.graphics/javafx.concurrent.Task$TaskCallable.lambda$call$2(Task.java:1456)
	at javafx.graphics/com.sun.javafx.application.PlatformImpl.lambda$runLater$10(PlatformImpl.java:457)
	at java.base/java.security.AccessController.doPrivileged(AccessController.java:399)
	at javafx.graphics/com.sun.javafx.application.PlatformImpl.lambda$runLater$11(PlatformImpl.java:456)
	at javafx.graphics/com.sun.glass.ui.InvokeLaterDispatcher$Future.run(InvokeLaterDispatcher.java:96)
	at javafx.graphics/com.sun.glass.ui.win.WinApplication._runLoop(Native Method)
	at javafx.graphics/com.sun.glass.ui.win.WinApplication.lambda$runLoop$3(WinApplication.java:184)
	at java.base/java.lang.Thread.run(Thread.java:842)
Caused by: java.util.NoSuchElementException: No value present
	at java.base/java.util.Optional.get(Optional.java:143)
	at org.example.demofxpvz/com.pvz.Main.initGame(Main.java:66)
	at com.almasb.fxgl.all@17/com.almasb.fxgl.app.FXGLApplication$InitAppTask.initGame(FXGLApplication.kt:339)
	at com.almasb.fxgl.all@17/com.almasb.fxgl.app.FXGLApplication$InitAppTask.call(FXGLApplication.kt:319)
	at com.almasb.fxgl.all@17/com.almasb.fxgl.app.FXGLApplication$InitAppTask.call(FXGLApplication.kt:311)
	at javafx.graphics/javafx.concurrent.Task$TaskCallable.call(Task.java:1426)
	at java.base/java.util.concurrent.FutureTask.run(FutureTask.java:264)
	at java.base/java.util.concurrent.Executors$RunnableAdapter.call(Executors.java:539)
	at java.base/java.util.concurrent.FutureTask.run(FutureTask.java:264)
	at java.base/java.util.concurrent.ThreadPoolExecutor.runWorker(ThreadPoolExecutor.java:1136)
	at java.base/java.util.concurrent.ThreadPoolExecutor$Worker.run(ThreadPoolExecutor.java:635)
	... 1 more

09:59:03.257 [JavaFX Application Thread] FATAL FXGLApplication      - Application will now exit
09:59:03.287 [JavaFX Application Thread] DEBUG PrimaryStageWindow   - Push state: ErrorSubScene
09:59:03.287 [JavaFX Application Thread] DEBUG Input                - Clearing active input actions
09:59:03.294 [JavaFX Application Thread] DEBUG GameApplicationServi - Removing overlay from FXGLLoadingScene and adding to ErrorSubScene
09:59:03.295 [JavaFX Application Thread] DEBUG PrimaryStageWindow   - FXGLLoadingScene -> ErrorSubScene
09:59:03.704 [FXGL Background Thread 4 ] DEBUG FXGLAssetLoaderServi - Loading from file system: jar:file:///C:/Users/dch/.m2/repository/com/github/almasb/fxgl/17/fxgl-17.jar!/fxglassets/ui/fonts/Abel-Regular.ttf
09:59:03.709 [FXGL Background Thread 4 ] DEBUG FXGLAssetLoaderServi - Loading from file system: jar:file:///C:/Users/dch/.m2/repository/com/github/almasb/fxgl/17/fxgl-17.jar!/fxglassets/ui/fonts/TerminalLandMono-Regular.otf
09:59:03.713 [FXGL Background Thread 4 ] DEBUG FXGLAssetLoaderServi - Loading from file system: jar:file:///C:/Users/dch/.m2/repository/com/github/almasb/fxgl/17/fxgl-17.jar!/fxglassets/ui/fonts/Courier-Prime.ttf
09:59:03.750 [FXGL Background Thread 2 ] WARN  UpdaterService       - Failed to find updates: java.net.UnknownHostException: raw.githubusercontent.com
09:59:03.829 [JavaFX Application Thread] DEBUG FXGLApplication      - Registering font factories with UI factory
09:59:06.096 [FXGL Background Thread 3 ] DEBUG Engine               - Logging environment variables
09:59:06.096 [FXGL Background Thread 3 ] DEBUG Engine               - achievements: []
09:59:06.096 [FXGL Background Thread 3 ] DEBUG Engine               - actualHeight: 600.0
09:59:06.096 [FXGL Background Thread 3 ] DEBUG Engine               - actualHeightProperty: ReadOnlyDoubleProperty [value: 600.0]
09:59:06.097 [FXGL Background Thread 3 ] DEBUG Engine               - actualWidth: 1400.0
09:59:06.097 [FXGL Background Thread 3 ] DEBUG Engine               - actualWidthProperty: ReadOnlyDoubleProperty [value: 1400.0]
09:59:06.097 [FXGL Background Thread 3 ] DEBUG Engine               - appIcon: fxgl_icon.png
09:59:06.097 [FXGL Background Thread 3 ] DEBUG Engine               - applicationMode: DEVELOPER
09:59:06.097 [FXGL Background Thread 3 ] DEBUG Engine               - cSSList: [fxgl_dark.css]
09:59:06.097 [FXGL Background Thread 3 ] DEBUG Engine               - collisionDetectionStrategy: BRUTE_FORCE
09:59:06.097 [FXGL Background Thread 3 ] DEBUG Engine               - configClass: Optional.empty
09:59:06.097 [FXGL Background Thread 3 ] DEBUG Engine               - credits: []
09:59:06.097 [FXGL Background Thread 3 ] DEBUG Engine               - defaultCursor: CursorInfo(imageName=fxgl_default_cursor.png, hotspotX=7.0, hotspotY=6.0)
09:59:06.097 [FXGL Background Thread 3 ] DEBUG Engine               - devBBoxColorProperty: ObjectProperty [value: 0xff0000ff]
09:59:06.097 [FXGL Background Thread 3 ] DEBUG Engine               - devEnableDebugCameraProperty: BooleanProperty [value: false]
09:59:06.098 [FXGL Background Thread 3 ] DEBUG Engine               - devSensorColorProperty: ObjectProperty [value: 0xffff00ff]
09:59:06.098 [FXGL Background Thread 3 ] DEBUG Engine               - devShowBBoxProperty: BooleanProperty [value: false]
09:59:06.098 [FXGL Background Thread 3 ] DEBUG Engine               - devShowPositionProperty: BooleanProperty [value: false]
09:59:06.098 [FXGL Background Thread 3 ] DEBUG Engine               - enabledMenuItems: []
09:59:06.098 [FXGL Background Thread 3 ] DEBUG Engine               - engineServices: [class com.almasb.fxgl.app.services.FXGLAssetLoaderService, class com.almasb.fxgl.app.FXGLApplication$GameApplicationService, class com.almasb.fxgl.app.services.FXGLDialogService, class com.almasb.fxgl.app.services.IOTaskExecutorService, class com.almasb.fxgl.io.FileSystemService, class com.almasb.fxgl.localization.LocalizationService, class com.almasb.fxgl.app.services.SystemBundleService, class com.almasb.fxgl.profile.SaveLoadService, class com.almasb.fxgl.ui.FXGLUIFactoryServiceProvider, class com.almasb.fxgl.ui.FXGLDialogFactoryServiceProvider, class com.almasb.fxgl.audio.AudioPlayer, class com.almasb.fxgl.notification.impl.NotificationServiceProvider, class com.almasb.fxgl.achievement.AchievementService, class com.almasb.fxgl.cutscene.CutsceneService, class com.almasb.fxgl.minigames.MiniGameService, class com.almasb.fxgl.net.NetService, class com.almasb.fxgl.app.services.UpdaterService, class com.almasb.fxgl.dev.DevService]
09:59:06.098 [FXGL Background Thread 3 ] DEBUG Engine               - fontGame: Abel-Regular.ttf
09:59:06.098 [FXGL Background Thread 3 ] DEBUG Engine               - fontMono: TerminalLandMono-Regular.otf
09:59:06.098 [FXGL Background Thread 3 ] DEBUG Engine               - fontText: Courier-Prime.ttf
09:59:06.098 [FXGL Background Thread 3 ] DEBUG Engine               - fontUI: VarelaRound-Regular.ttf
09:59:06.098 [FXGL Background Thread 3 ] DEBUG Engine               - fullScreen: BooleanProperty [value: false]
09:59:06.098 [FXGL Background Thread 3 ] DEBUG Engine               - gameDifficulty: MEDIUM
09:59:06.098 [FXGL Background Thread 3 ] DEBUG Engine               - gameDifficultyProperty: ObjectProperty [value: MEDIUM]
09:59:06.098 [FXGL Background Thread 3 ] DEBUG Engine               - globalMusicVolume: 0.5
09:59:06.098 [FXGL Background Thread 3 ] DEBUG Engine               - globalMusicVolumeProperty: DoubleProperty [value: 0.5]
09:59:06.099 [FXGL Background Thread 3 ] DEBUG Engine               - globalSoundVolume: 0.5
09:59:06.099 [FXGL Background Thread 3 ] DEBUG Engine               - globalSoundVolumeProperty: DoubleProperty [value: 0.5]
09:59:06.099 [FXGL Background Thread 3 ] DEBUG Engine               - height: 600
09:59:06.099 [FXGL Background Thread 3 ] DEBUG Engine               - is3D: false
09:59:06.099 [FXGL Background Thread 3 ] DEBUG Engine               - isAndroid: false
09:59:06.099 [FXGL Background Thread 3 ] DEBUG Engine               - isBrowser: false
09:59:06.099 [FXGL Background Thread 3 ] DEBUG Engine               - isClickFeedbackEnabled: false
09:59:06.099 [FXGL Background Thread 3 ] DEBUG Engine               - isCloseConfirmation: false
09:59:06.099 [FXGL Background Thread 3 ] DEBUG Engine               - isDesktop: true
09:59:06.099 [FXGL Background Thread 3 ] DEBUG Engine               - isDeveloperMenuEnabled: false
09:59:06.099 [FXGL Background Thread 3 ] DEBUG Engine               - isEmbedded: false
09:59:06.099 [FXGL Background Thread 3 ] DEBUG Engine               - isEntityPreloadEnabled: true
09:59:06.099 [FXGL Background Thread 3 ] DEBUG Engine               - isExperimentalTiledLargeMap: false
09:59:06.099 [FXGL Background Thread 3 ] DEBUG Engine               - isFileSystemWriteAllowed: true
09:59:06.099 [FXGL Background Thread 3 ] DEBUG Engine               - isFullScreenAllowed: false
09:59:06.099 [FXGL Background Thread 3 ] DEBUG Engine               - isFullScreenFromStart: false
09:59:06.099 [FXGL Background Thread 3 ] DEBUG Engine               - isGameMenuEnabled: true
09:59:06.099 [FXGL Background Thread 3 ] DEBUG Engine               - isIOS: false
09:59:06.099 [FXGL Background Thread 3 ] DEBUG Engine               - isIntroEnabled: false
09:59:06.099 [FXGL Background Thread 3 ] DEBUG Engine               - isLinux: false
09:59:06.100 [FXGL Background Thread 3 ] DEBUG Engine               - isMac: false
09:59:06.100 [FXGL Background Thread 3 ] DEBUG Engine               - isMainMenuEnabled: false
09:59:06.100 [FXGL Background Thread 3 ] DEBUG Engine               - isManualResizeEnabled: false
09:59:06.100 [FXGL Background Thread 3 ] DEBUG Engine               - isMobile: false
09:59:06.100 [FXGL Background Thread 3 ] DEBUG Engine               - isNative: false
09:59:06.100 [FXGL Background Thread 3 ] DEBUG Engine               - isPauseMusicWhenMinimized: true
09:59:06.100 [FXGL Background Thread 3 ] DEBUG Engine               - isPreserveResizeRatio: false
09:59:06.100 [FXGL Background Thread 3 ] DEBUG Engine               - isProfilingEnabled: false
09:59:06.100 [FXGL Background Thread 3 ] DEBUG Engine               - isScaleAffectedOnResize: true
09:59:06.100 [FXGL Background Thread 3 ] DEBUG Engine               - isSingleStep: false
09:59:06.100 [FXGL Background Thread 3 ] DEBUG Engine               - isUserProfileEnabled: false
09:59:06.100 [FXGL Background Thread 3 ] DEBUG Engine               - isWindows: true
09:59:06.100 [FXGL Background Thread 3 ] DEBUG Engine               - language: ObjectProperty [value: ENGLISH]
09:59:06.101 [FXGL Background Thread 3 ] DEBUG Engine               - menuKey: ESCAPE
09:59:06.101 [FXGL Background Thread 3 ] DEBUG Engine               - mouseSensitivity: 0.2
09:59:06.101 [FXGL Background Thread 3 ] DEBUG Engine               - notificationViewClass: class com.almasb.fxgl.notification.view.XboxNotificationView
09:59:06.101 [FXGL Background Thread 3 ] DEBUG Engine               - pixelsPerMeter: 50.0
09:59:06.101 [FXGL Background Thread 3 ] DEBUG Engine               - platform: WINDOWS
09:59:06.101 [FXGL Background Thread 3 ] DEBUG Engine               - prefHeightProperty: ReadOnlyDoubleProperty [value: 600.0]
09:59:06.101 [FXGL Background Thread 3 ] DEBUG Engine               - prefWidthProperty: ReadOnlyDoubleProperty [value: 1400.0]
09:59:06.101 [FXGL Background Thread 3 ] DEBUG Engine               - profileDir: profiles/
09:59:06.101 [FXGL Background Thread 3 ] DEBUG Engine               - profileName: StringProperty [value: DEFAULT]
09:59:06.101 [FXGL Background Thread 3 ] DEBUG Engine               - randomSeed: -1
09:59:06.101 [FXGL Background Thread 3 ] DEBUG Engine               - runtimeInfo: RuntimeInfo(platform=WINDOWS, version=17, build=31.12.2021 18.16)
09:59:06.102 [FXGL Background Thread 3 ] DEBUG Engine               - saveFileExt: sav
09:59:06.102 [FXGL Background Thread 3 ] DEBUG Engine               - scaledHeightProp$fxgl: DoubleProperty [bound, value: 600.0]
09:59:06.102 [FXGL Background Thread 3 ] DEBUG Engine               - scaledWidthProp$fxgl: DoubleProperty [bound, value: 1400.0]
09:59:06.102 [FXGL Background Thread 3 ] DEBUG Engine               - sceneFactory: com.almasb.fxgl.app.scene.SceneFactory@403fab55
09:59:06.102 [FXGL Background Thread 3 ] DEBUG Engine               - secondsIn24h: 60
09:59:06.102 [FXGL Background Thread 3 ] DEBUG Engine               - soundMenuBack: menu/back.wav
09:59:06.102 [FXGL Background Thread 3 ] DEBUG Engine               - soundMenuPress: menu/press.wav
09:59:06.102 [FXGL Background Thread 3 ] DEBUG Engine               - soundMenuSelect: menu/select.wav
09:59:06.102 [FXGL Background Thread 3 ] DEBUG Engine               - soundNotification: core/notification.wav
09:59:06.102 [FXGL Background Thread 3 ] DEBUG Engine               - stageStyle: DECORATED
09:59:06.102 [FXGL Background Thread 3 ] DEBUG Engine               - supportedLanguages: [ENGLISH, FRENCH, GERMAN, HUNGARIAN, RUSSIAN]
09:59:06.102 [FXGL Background Thread 3 ] DEBUG Engine               - ticksPerSecond: -1
09:59:06.102 [FXGL Background Thread 3 ] DEBUG Engine               - title: PlantVsZombit
09:59:06.102 [FXGL Background Thread 3 ] DEBUG Engine               - urlGithub: https://github.com/AlmasB/FXGL
09:59:06.103 [FXGL Background Thread 3 ] DEBUG Engine               - urlLeaderboard: http://fxgl-top.herokuapp.com/
09:59:06.103 [FXGL Background Thread 3 ] DEBUG Engine               - urlPOM: https://raw.githubusercontent.com/AlmasB/FXGL/release/README.md
09:59:06.103 [FXGL Background Thread 3 ] DEBUG Engine               - userAppClass: class com.pvz.Main
09:59:06.103 [FXGL Background Thread 3 ] DEBUG Engine               - version: 0.0
09:59:06.103 [FXGL Background Thread 3 ] DEBUG Engine               - versionCheckDays: 7
09:59:06.103 [FXGL Background Thread 3 ] DEBUG Engine               - width: 1400
09:59:06.103 [FXGL Background Thread 3 ] DEBUG Engine               - Logging services
09:59:06.103 [FXGL Background Thread 3 ] DEBUG Engine               - class com.almasb.fxgl.app.services.FXGLAssetLoaderService
09:59:06.103 [FXGL Background Thread 3 ] DEBUG Engine               - class com.almasb.fxgl.app.FXGLApplication$GameApplicationService
09:59:06.104 [FXGL Background Thread 3 ] DEBUG Engine               - class com.almasb.fxgl.app.services.FXGLDialogService
09:59:06.104 [FXGL Background Thread 3 ] DEBUG Engine               - class com.almasb.fxgl.app.services.IOTaskExecutorService
09:59:06.104 [FXGL Background Thread 3 ] DEBUG Engine               - class com.almasb.fxgl.io.FileSystemService
09:59:06.104 [FXGL Background Thread 3 ] DEBUG Engine               - class com.almasb.fxgl.localization.LocalizationService
09:59:06.104 [FXGL Background Thread 3 ] DEBUG Engine               - class com.almasb.fxgl.app.services.SystemBundleService
09:59:06.104 [FXGL Background Thread 3 ] DEBUG Engine               - class com.almasb.fxgl.profile.SaveLoadService
09:59:06.104 [FXGL Background Thread 3 ] DEBUG Engine               - class com.almasb.fxgl.ui.FXGLUIFactoryServiceProvider
09:59:06.105 [FXGL Background Thread 3 ] DEBUG Engine               - class com.almasb.fxgl.ui.FXGLDialogFactoryServiceProvider
09:59:06.105 [FXGL Background Thread 3 ] DEBUG Engine               - class com.almasb.fxgl.audio.AudioPlayer
09:59:06.105 [FXGL Background Thread 3 ] DEBUG Engine               - class com.almasb.fxgl.notification.impl.NotificationServiceProvider
09:59:06.105 [FXGL Background Thread 3 ] DEBUG Engine               - class com.almasb.fxgl.achievement.AchievementService
09:59:06.105 [FXGL Background Thread 3 ] DEBUG Engine               - class com.almasb.fxgl.cutscene.CutsceneService
09:59:06.105 [FXGL Background Thread 3 ] DEBUG Engine               - class com.almasb.fxgl.minigames.MiniGameService
09:59:06.105 [FXGL Background Thread 3 ] DEBUG Engine               - class com.almasb.fxgl.net.NetService
09:59:06.105 [FXGL Background Thread 3 ] DEBUG Engine               - class com.almasb.fxgl.app.services.UpdaterService
09:59:06.106 [FXGL Background Thread 3 ] DEBUG Engine               - class com.almasb.fxgl.dev.DevService
09:59:07.506 [JavaFX Application Thread] DEBUG FXGLApplication      - Exiting FXGL
09:59:07.506 [JavaFX Application Thread] DEBUG Async                - Shutting down background threads
09:59:07.507 [JavaFX Application Thread] DEBUG PrimaryStageWindow   - Closing main window
09:59:07.528 [JavaFX Application Thread] DEBUG Logger               - Closing Logger
