11:04:11.563 [main                     ] DEBUG Logger               - Configured Logger
11:04:11.603 [main                     ] DEBUG GameApplication      - Logging settings
Title: PlantVsZombit
Version: 0.0
Width: 1400
Height: 600
Fullscreen: false
Intro: false
Profiling: false
Single step:false
App Mode: DEVELOPER
Menu Key: ESCAPE
Stage Style: DECORATED
Scene Factory: class com.almasb.fxgl.app.scene.SceneFactory

11:04:11.954 [JavaFX Application Thread] DEBUG FXGLApplication      - Initializing FXGL
11:04:11.962 [JavaFX Application Thread] INFO  Engine               - FXGL-17 (31.12.2021 18.16) on WINDOWS (J:17.0.12 FX:17.0.6)
11:04:11.962 [JavaFX Application Thread] DEBUG Engine               - JRE Vendor Name: Oracle Corporation
11:04:11.963 [JavaFX Application Thread] DEBUG Engine               - Running on OS: Windows 10 version 10.0
11:04:11.963 [JavaFX Application Thread] DEBUG Engine               - Architecture: amd64
11:04:11.964 [JavaFX Application Thread] INFO  Engine               - Source code and latest versions at: https://github.com/AlmasB/FXGL
11:04:11.964 [JavaFX Application Thread] INFO  Engine               -       Ask questions and discuss at: https://github.com/AlmasB/FXGL/discussions
11:04:11.964 [JavaFX Application Thread] INFO  Engine               -              Join the FXGL chat at: https://gitter.im/AlmasB/FXGL
11:04:12.089 [JavaFX Application Thread] DEBUG PrimaryStageWindow   - Creating a JavaFX scene
11:04:12.146 [JavaFX Application Thread] DEBUG PrimaryStageWindow   - Target settings size: 1400.0 x 600.0
11:04:12.147 [JavaFX Application Thread] DEBUG PrimaryStageWindow   - Scaled scene size:    1400.0 x 600.0
11:04:12.148 [JavaFX Application Thread] DEBUG PrimaryStageWindow   - Scaled ratio: (1.0, 1.0)
11:04:12.150 [JavaFX Application Thread] DEBUG PrimaryStageWindow   - Set initial scene to FXGLStartupScene
11:04:12.159 [JavaFX Application Thread] DEBUG PrimaryStageWindow   - Opening main window
11:04:12.273 [JavaFX Application Thread] DEBUG PrimaryStageWindow   - Window border size: (14.4000244140625, 37.5999755859375)
11:04:12.274 [JavaFX Application Thread] DEBUG PrimaryStageWindow   - Scaled size: 1400.0 x 600.0
11:04:12.274 [JavaFX Application Thread] DEBUG PrimaryStageWindow   - Scaled ratio: (1.0, 1.0)
11:04:12.275 [JavaFX Application Thread] DEBUG PrimaryStageWindow   - Scene size: 1400.0 x 600.0
11:04:12.275 [JavaFX Application Thread] DEBUG PrimaryStageWindow   - Stage size: 1414.4000244140625 x 637.5999755859375
11:04:12.291 [FXGL Background Thread 1 ] DEBUG Engine               - Initializing environment variables
11:04:12.343 [FXGL Background Thread 1 ] DEBUG FXGLAssetLoaderServi - User app class for loading assets: class com.pvz.Main
11:04:12.343 [FXGL Background Thread 1 ] DEBUG GameApplicationServi - Applying CSS: fxgl_dark.css
11:04:12.344 [FXGL Background Thread 1 ] DEBUG FXGLAssetLoaderServi - Loading from file system: jar:file:///C:/Users/dch/.m2/repository/com/github/almasb/fxgl/17/fxgl-17.jar!/fxglassets/ui/css/fxgl_dark.css
11:04:12.438 [FXGL Background Thread 1 ] DEBUG GameApplicationServi - Initializing application scenes
11:04:12.608 [FXGL Background Thread 1 ] DEBUG GameWorld            - Game world initialized
11:04:12.677 [FXGL Background Thread 1 ] DEBUG PhysicsWorld         - Physics world initialized: appHeight=600, physics.ppm=50.0
11:04:12.677 [FXGL Background Thread 1 ] DEBUG PhysicsWorld         - Using strategy: BRUTE_FORCE
11:04:12.683 [FXGL Background Thread 1 ] DEBUG GameScene            - Game scene initialized: 1400x600
11:04:12.701 [FXGL Background Thread 1 ] DEBUG FXGL.DefaultMenu     - createMenuBodyGameMenu()
11:04:12.718 [FXGL Background Thread 1 ] DEBUG FXGL.DefaultMenu     - createOptionsMenu()
11:04:12.734 [FXGL Background Thread 1 ] DEBUG FXGLAssetLoaderServi - Loading from file system: jar:file:///C:/Users/dch/.m2/repository/com/github/almasb/fxgl/17/fxgl-17.jar!/fxglassets/textures/particles/smoke.png
11:04:12.852 [FXGL Background Thread 1 ] DEBUG FXGLAssetLoaderServi - Loading from file system: jar:file:///C:/Users/dch/.m2/repository/com/github/almasb/fxgl/17/fxgl-17.jar!/fxglassets/textures/particles/trace_horizontal.png
11:04:12.888 [FXGL Background Thread 1 ] DEBUG GameApplicationServi - Application scenes initialized
11:04:12.905 [FXGL Background Thread 1 ] DEBUG SystemBundleService  - Loading FXGL system data
11:04:12.911 [FXGL Background Thread 1 ] DEBUG FileSystemAccess     - Reading from: E:\dev_java\demofxpvz\system\fxgl.bundle
11:04:12.920 [FXGL Background Thread 1 ] DEBUG SystemBundleService  - Bundle FXGL: {}
11:04:12.920 [FXGL Background Thread 1 ] DEBUG UpdaterService       - Checking for updates
11:04:12.927 [FXGL Background Thread 1 ] DEBUG FXGLApplication      - Loading default localization
11:04:12.928 [FXGL Background Thread 1 ] DEBUG FXGLAssetLoaderServi - Loading from file system: jar:file:///C:/Users/dch/.m2/repository/com/github/almasb/fxgl/17/fxgl-17.jar!/fxglassets/languages/english.lang
11:04:12.942 [FXGL Background Thread 4 ] DEBUG FXGLApplication      - Loading fonts
11:04:12.943 [FXGL Background Thread 4 ] DEBUG FXGLAssetLoaderServi - Loading from file system: jar:file:///C:/Users/dch/.m2/repository/com/github/almasb/fxgl/17/fxgl-17.jar!/fxglassets/ui/fonts/VarelaRound-Regular.ttf
11:04:12.953 [FXGL Background Thread 1 ] INFO  FXGLApplication      - FXGL initialization took: 0.662 sec
11:04:12.961 [JavaFX Application Thread] DEBUG Input                - Registered new binding: 鼠标左键选中 - LMB
11:04:12.962 [JavaFX Application Thread] WARN  FXGLAssetLoaderServi - Asset "/assets/textures/plant/wandou/wandou (1).png" was not found!
11:04:12.962 [JavaFX Application Thread] WARN  FXGLAssetLoaderServi - Failed to load IMAGE
11:04:12.998 [JavaFX Application Thread] DEBUG FXGLAssetLoaderServi - Loading from file system: jar:file:///C:/Users/dch/.m2/repository/com/github/almasb/fxgl/17/fxgl-17.jar!/fxglassets/textures/fxgl_default_cursor.png
11:04:13.008 [JavaFX Application Thread] DEBUG Input                - Registered new binding: Screenshot - CTRL+8
11:04:13.009 [JavaFX Application Thread] DEBUG Input                - Registered new binding: System info dump - CTRL+9
11:04:13.009 [JavaFX Application Thread] DEBUG Input                - Registered new binding: Restart - CTRL+R
11:04:13.010 [JavaFX Application Thread] DEBUG Input                - Registered new binding: Toggle Debug Camera - CTRL+7
11:04:13.012 [JavaFX Application Thread] DEBUG LoopRunner           - Starting loop
11:04:13.013 [JavaFX Application Thread] DEBUG LoopRunner           - Initializing JavaFX AnimationTimerLoop
11:04:13.018 [JavaFX Application Thread] DEBUG GameApplicationServi - Starting new game
11:04:13.018 [JavaFX Application Thread] DEBUG Input                - Clearing active input actions
11:04:13.066 [JavaFX Application Thread] DEBUG GameApplicationServi - Removing overlay from FXGLStartupScene and adding to FXGLLoadingScene
11:04:13.067 [JavaFX Application Thread] DEBUG PrimaryStageWindow   - FXGLStartupScene -> FXGLLoadingScene
11:04:13.067 [JavaFX Application Thread] DEBUG GameApplicationServi - Clearing previous game
11:04:13.067 [JavaFX Application Thread] DEBUG GameScene            - Clearing game scene
11:04:13.067 [JavaFX Application Thread] DEBUG GameWorld            - Clearing game world
11:04:13.068 [JavaFX Application Thread] DEBUG PhysicsWorld         - Clearing physics world
11:04:13.071 [FXGL Background Thread 1 ] DEBUG FXGLApplication      - Initializing game
11:04:13.076 [FXGL Background Thread 1 ] WARN  FXGLAssetLoaderServi - Asset "/assets/music/Laura Shigihara - Zombies On Your Lawn.mp3" was not found!
11:04:13.076 [FXGL Background Thread 1 ] WARN  FXGLAssetLoaderServi - Failed to load MUSIC
11:04:13.078 [FXGL Background Thread 1 ] DEBUG AudioPlayer          - Playing music com.almasb.fxgl.audio.Music@40690e90
11:04:13.091 [FXGL Background Thread 1 ] WARN  FXGLAssetLoaderServi - Asset "/assets/data/Garden.json" was not found!
11:04:13.091 [FXGL Background Thread 1 ] WARN  FXGLAssetLoaderServi - Failed to load JSON: URL is not valid
11:04:13.169 [JavaFX Application Thread] DEBUG LoopRunner           - Stopping loop
11:04:13.170 [JavaFX Application Thread] FATAL FXGLApplication      - Uncaught Exception:
java.lang.RuntimeException: Initialization failed
	at com.almasb.fxgl.all@17/com.almasb.fxgl.app.FXGLApplication$InitAppTask.failed(FXGLApplication.kt:343)
	at javafx.graphics/javafx.concurrent.Task.setState(Task.java:710)
	at javafx.graphics/javafx.concurrent.Task$TaskCallable.lambda$call$2(Task.java:1456)
	at javafx.graphics/com.sun.javafx.application.PlatformImpl.lambda$runLater$10(PlatformImpl.java:457)
	at java.base/java.security.AccessController.doPrivileged(AccessController.java:399)
	at javafx.graphics/com.sun.javafx.application.PlatformImpl.lambda$runLater$11(PlatformImpl.java:456)
	at javafx.graphics/com.sun.glass.ui.InvokeLaterDispatcher$Future.run(InvokeLaterDispatcher.java:96)
	at javafx.graphics/com.sun.glass.ui.win.WinApplication._runLoop(Native Method)
	at javafx.graphics/com.sun.glass.ui.win.WinApplication.lambda$runLoop$3(WinApplication.java:184)
	at java.base/java.lang.Thread.run(Thread.java:842)
Caused by: java.util.NoSuchElementException: No value present
	at java.base/java.util.Optional.get(Optional.java:143)
	at org.example.demofxpvz/com.pvz.Main.initGame(Main.java:70)
	at com.almasb.fxgl.all@17/com.almasb.fxgl.app.FXGLApplication$InitAppTask.initGame(FXGLApplication.kt:339)
	at com.almasb.fxgl.all@17/com.almasb.fxgl.app.FXGLApplication$InitAppTask.call(FXGLApplication.kt:319)
	at com.almasb.fxgl.all@17/com.almasb.fxgl.app.FXGLApplication$InitAppTask.call(FXGLApplication.kt:311)
	at javafx.graphics/javafx.concurrent.Task$TaskCallable.call(Task.java:1426)
	at java.base/java.util.concurrent.FutureTask.run(FutureTask.java:264)
	at java.base/java.util.concurrent.Executors$RunnableAdapter.call(Executors.java:539)
	at java.base/java.util.concurrent.FutureTask.run(FutureTask.java:264)
	at java.base/java.util.concurrent.ThreadPoolExecutor.runWorker(ThreadPoolExecutor.java:1136)
	at java.base/java.util.concurrent.ThreadPoolExecutor$Worker.run(ThreadPoolExecutor.java:635)
	... 1 more

11:04:13.170 [JavaFX Application Thread] FATAL FXGLApplication      - Application will now exit
11:04:13.189 [JavaFX Application Thread] DEBUG PrimaryStageWindow   - Push state: ErrorSubScene
11:04:13.189 [JavaFX Application Thread] DEBUG Input                - Clearing active input actions
11:04:13.195 [JavaFX Application Thread] DEBUG GameApplicationServi - Removing overlay from FXGLLoadingScene and adding to ErrorSubScene
11:04:13.195 [JavaFX Application Thread] DEBUG PrimaryStageWindow   - FXGLLoadingScene -> ErrorSubScene
11:04:13.254 [FXGL Background Thread 4 ] DEBUG FXGLAssetLoaderServi - Loading from file system: jar:file:///C:/Users/dch/.m2/repository/com/github/almasb/fxgl/17/fxgl-17.jar!/fxglassets/ui/fonts/Abel-Regular.ttf
11:04:13.258 [FXGL Background Thread 4 ] DEBUG FXGLAssetLoaderServi - Loading from file system: jar:file:///C:/Users/dch/.m2/repository/com/github/almasb/fxgl/17/fxgl-17.jar!/fxglassets/ui/fonts/TerminalLandMono-Regular.otf
11:04:13.264 [FXGL Background Thread 4 ] DEBUG FXGLAssetLoaderServi - Loading from file system: jar:file:///C:/Users/dch/.m2/repository/com/github/almasb/fxgl/17/fxgl-17.jar!/fxglassets/ui/fonts/Courier-Prime.ttf
11:04:13.402 [FXGL Background Thread 2 ] WARN  UpdaterService       - Failed to find updates: java.net.UnknownHostException: raw.githubusercontent.com
11:04:13.497 [JavaFX Application Thread] DEBUG FXGLApplication      - Registering font factories with UI factory
11:04:15.702 [JavaFX Application Thread] DEBUG FXGLApplication      - Exiting FXGL
11:04:15.702 [JavaFX Application Thread] DEBUG Async                - Shutting down background threads
11:04:15.703 [JavaFX Application Thread] DEBUG PrimaryStageWindow   - Closing main window
11:04:15.729 [JavaFX Application Thread] DEBUG Logger               - Closing Logger
